/var/spool/slurmd/job7250649/slurm_script: line 35: /var/spool/slurmd/job7250649/slurm_script.log: Permission denied
/var/spool/slurmd/job7250649/slurm_script: line 36: /var/spool/slurmd/job7250649/slurm_script.log: Permission denied
/var/spool/slurmd/job7250649/slurm_script: line 39: /var/spool/slurmd/job7250649/slurm_script.log: Permission denied
srun: Job step aborted: Waiting up to 32 seconds for job step to finish.
srun: Job step aborted: Waiting up to 32 seconds for job step to finish.
srun: Job step aborted: Waiting up to 32 seconds for job step to finish.
srun: Job step aborted: Waiting up to 32 seconds for job step to finish.
srun: Job step aborted: Waiting up to 32 seconds for job step to finish.
srun: Job step aborted: Waiting up to 32 seconds for job step to finish.
srun: Job step aborted: Waiting up to 32 seconds for job step to finish.
srun: Job step aborted: Waiting up to 32 seconds for job step to finish.
srun: got SIGCONT
srun: got SIGCONT
srun: got SIGCONT
srun: got SIGCONT
srun: got SIGCONT
srun: got SIGCONT
srun: got SIGCONT
srun: got SIGCONT
srun: got SIGCONT
srun: got SIGCONT
srun: got SIGCONT
srun: got SIGCONT
srun: got SIGCONT
srun: got SIGCONT
slurmstepd: error: *** STEP 7250649.0 ON nid00632 CANCELLED AT 2017-10-04T13:34:54 ***
srun: forcing job termination
srun: forcing job termination
srun: forcing job termination
srun: forcing job termination
srun: forcing job termination
srun: forcing job termination
srun: forcing job termination
srun: forcing job termination
srun: forcing job termination
srun: forcing job termination
srun: forcing job termination
srun: forcing job termination
srun: forcing job termination
slurmstepd: error: *** STEP 7250649.2 ON nid02710 CANCELLED AT 2017-10-04T13:34:54 ***
slurmstepd: error: *** STEP 7250649.4 ON nid04323 CANCELLED AT 2017-10-04T13:34:54 ***
slurmstepd: error: *** STEP 7250649.7 ON nid04428 CANCELLED AT 2017-10-04T13:34:54 ***
slurmstepd: error: *** STEP 7250649.1 ON nid00638 CANCELLED AT 2017-10-04T13:34:54 ***
slurmstepd: error: *** STEP 7250649.3 ON nid04321 CANCELLED AT 2017-10-04T13:34:54 ***
slurmstepd: error: *** STEP 7250649.5 ON nid04325 CANCELLED AT 2017-10-04T13:34:54 ***
slurmstepd: error: *** STEP 7250649.6 ON nid04327 CANCELLED AT 2017-10-04T13:34:54 ***
srun: error: nid00632: tasks 0,2-4,6,8-10,12-23: Terminated
srun: Terminating job step 7250649.0
srun: error: nid02710: tasks 0-22: Terminated
srun: Terminating job step 7250649.2
