Configuration number 0033
Starting for config 0033
# [] source location string is "{t=10,pos={22,7,9}};{t=15,pos={17,4,3}};{t=28,pos={10,15,0}};{t=21,pos={2,2,22}};{t=35,pos={5,8,5}};{t=5,pos={20,3,6}};{t=16,pos={6,5,1}};{t=10,pos={5,4,13}};" 
source location is {{t=10,pos={22,7,9}}} with iterator number 1
{{t=10,pos={22,7,9}}}
source location is {{t=15,pos={17,4,3}}} with iterator number 2
{{t=15,pos={17,4,3}}}
source location is {{t=28,pos={10,15,0}}} with iterator number 3
{{t=28,pos={10,15,0}}}
source location is {{t=21,pos={2,2,22}}} with iterator number 4
{{t=21,pos={2,2,22}}}
source location is {{t=35,pos={5,8,5}}} with iterator number 5
{{t=35,pos={5,8,5}}}
source location is {{t=5,pos={20,3,6}}} with iterator number 6
{{t=5,pos={20,3,6}}}
source location is {{t=16,pos={6,5,1}}} with iterator number 7
{{t=16,pos={6,5,1}}}
source location is {{t=10,pos={5,4,13}}} with iterator number 8
{{t=10,pos={5,4,13}}}
Configuration number 0034
Starting for config 0034
# [] source location string is "{t=1,pos={20,8,9}};{t=35,pos={6,11,1}};{t=15,pos={4,17,2}};{t=12,pos={13,19,11}};{t=18,pos={23,5,23}};{t=19,pos={0,0,2}};{t=46,pos={16,9,14}};{t=43,pos={22,18,0}};" 
source location is {{t=1,pos={20,8,9}}} with iterator number 1
{{t=1,pos={20,8,9}}}
source location is {{t=35,pos={6,11,1}}} with iterator number 2
{{t=35,pos={6,11,1}}}
source location is {{t=15,pos={4,17,2}}} with iterator number 3
{{t=15,pos={4,17,2}}}
source location is {{t=12,pos={13,19,11}}} with iterator number 4
{{t=12,pos={13,19,11}}}
source location is {{t=18,pos={23,5,23}}} with iterator number 5
{{t=18,pos={23,5,23}}}
source location is {{t=19,pos={0,0,2}}} with iterator number 6
{{t=19,pos={0,0,2}}}
source location is {{t=46,pos={16,9,14}}} with iterator number 7
{{t=46,pos={16,9,14}}}
source location is {{t=43,pos={22,18,0}}} with iterator number 8
{{t=43,pos={22,18,0}}}
Configuration number 0035
Starting for config 0035
# [] source location string is "{t=31,pos={13,22,3}};{t=14,pos={14,3,14}};{t=2,pos={3,2,15}};{t=41,pos={8,2,23}};{t=44,pos={14,16,6}};{t=32,pos={21,17,17}};{t=42,pos={16,1,11}};{t=39,pos={23,20,14}};" 
source location is {{t=31,pos={13,22,3}}} with iterator number 1
{{t=31,pos={13,22,3}}}
source location is {{t=14,pos={14,3,14}}} with iterator number 2
{{t=14,pos={14,3,14}}}
source location is {{t=2,pos={3,2,15}}} with iterator number 3
{{t=2,pos={3,2,15}}}
source location is {{t=41,pos={8,2,23}}} with iterator number 4
{{t=41,pos={8,2,23}}}
source location is {{t=44,pos={14,16,6}}} with iterator number 5
{{t=44,pos={14,16,6}}}
source location is {{t=32,pos={21,17,17}}} with iterator number 6
{{t=32,pos={21,17,17}}}
source location is {{t=42,pos={16,1,11}}} with iterator number 7
{{t=42,pos={16,1,11}}}
source location is {{t=39,pos={23,20,14}}} with iterator number 8
{{t=39,pos={23,20,14}}}
Configuration number 0036
Starting for config 0036
# [] source location string is "{t=43,pos={13,10,15}};{t=47,pos={9,21,2}};{t=47,pos={4,10,23}};{t=4,pos={17,17,0}};{t=28,pos={21,21,14}};{t=0,pos={19,2,11}};{t=11,pos={21,11,19}};{t=7,pos={13,5,9}};" 
source location is {{t=43,pos={13,10,15}}} with iterator number 1
{{t=43,pos={13,10,15}}}
source location is {{t=47,pos={9,21,2}}} with iterator number 2
{{t=47,pos={9,21,2}}}
source location is {{t=47,pos={4,10,23}}} with iterator number 3
{{t=47,pos={4,10,23}}}
source location is {{t=4,pos={17,17,0}}} with iterator number 4
{{t=4,pos={17,17,0}}}
source location is {{t=28,pos={21,21,14}}} with iterator number 5
{{t=28,pos={21,21,14}}}
source location is {{t=0,pos={19,2,11}}} with iterator number 6
{{t=0,pos={19,2,11}}}
source location is {{t=11,pos={21,11,19}}} with iterator number 7
{{t=11,pos={21,11,19}}}
source location is {{t=7,pos={13,5,9}}} with iterator number 8
{{t=7,pos={13,5,9}}}
Configuration number 0037
Starting for config 0037
# [] source location string is "{t=19,pos={21,12,7}};{t=46,pos={13,19,6}};{t=39,pos={2,2,20}};{t=4,pos={8,9,10}};{t=28,pos={5,21,13}};{t=31,pos={6,17,12}};{t=23,pos={19,12,12}};{t=39,pos={7,6,0}};" 
source location is {{t=19,pos={21,12,7}}} with iterator number 1
{{t=19,pos={21,12,7}}}
source location is {{t=46,pos={13,19,6}}} with iterator number 2
{{t=46,pos={13,19,6}}}
source location is {{t=39,pos={2,2,20}}} with iterator number 3
{{t=39,pos={2,2,20}}}
source location is {{t=4,pos={8,9,10}}} with iterator number 4
{{t=4,pos={8,9,10}}}
source location is {{t=28,pos={5,21,13}}} with iterator number 5
{{t=28,pos={5,21,13}}}
source location is {{t=31,pos={6,17,12}}} with iterator number 6
{{t=31,pos={6,17,12}}}
source location is {{t=23,pos={19,12,12}}} with iterator number 7
{{t=23,pos={19,12,12}}}
source location is {{t=39,pos={7,6,0}}} with iterator number 8
{{t=39,pos={7,6,0}}}
Configuration number 0038
Starting for config 0038
# [] source location string is "{t=31,pos={10,19,12}};{t=21,pos={8,12,3}};{t=45,pos={6,10,6}};{t=30,pos={7,14,23}};{t=14,pos={18,12,15}};{t=0,pos={11,12,3}};{t=37,pos={9,3,4}};{t=2,pos={3,20,17}};" 
source location is {{t=31,pos={10,19,12}}} with iterator number 1
{{t=31,pos={10,19,12}}}
source location is {{t=21,pos={8,12,3}}} with iterator number 2
{{t=21,pos={8,12,3}}}
source location is {{t=45,pos={6,10,6}}} with iterator number 3
{{t=45,pos={6,10,6}}}
source location is {{t=30,pos={7,14,23}}} with iterator number 4
{{t=30,pos={7,14,23}}}
source location is {{t=14,pos={18,12,15}}} with iterator number 5
{{t=14,pos={18,12,15}}}
source location is {{t=0,pos={11,12,3}}} with iterator number 6
{{t=0,pos={11,12,3}}}
source location is {{t=37,pos={9,3,4}}} with iterator number 7
{{t=37,pos={9,3,4}}}
source location is {{t=2,pos={3,20,17}}} with iterator number 8
{{t=2,pos={3,20,17}}}
Configuration number 0039
Starting for config 0039
# [] source location string is "{t=31,pos={4,8,7}};{t=18,pos={8,8,6}};{t=18,pos={9,16,12}};{t=0,pos={3,5,9}};{t=16,pos={6,9,2}};{t=39,pos={23,4,19}};{t=43,pos={4,17,2}};{t=13,pos={11,5,10}};" 
source location is {{t=31,pos={4,8,7}}} with iterator number 1
{{t=31,pos={4,8,7}}}
source location is {{t=18,pos={8,8,6}}} with iterator number 2
{{t=18,pos={8,8,6}}}
source location is {{t=18,pos={9,16,12}}} with iterator number 3
{{t=18,pos={9,16,12}}}
source location is {{t=0,pos={3,5,9}}} with iterator number 4
{{t=0,pos={3,5,9}}}
source location is {{t=16,pos={6,9,2}}} with iterator number 5
{{t=16,pos={6,9,2}}}
source location is {{t=39,pos={23,4,19}}} with iterator number 6
{{t=39,pos={23,4,19}}}
source location is {{t=43,pos={4,17,2}}} with iterator number 7
{{t=43,pos={4,17,2}}}
source location is {{t=13,pos={11,5,10}}} with iterator number 8
{{t=13,pos={11,5,10}}}
Configuration number 0040
Starting for config 0040
# [] source location string is "{t=26,pos={23,8,9}};{t=23,pos={0,23,7}};{t=0,pos={22,12,22}};{t=25,pos={5,20,5}};{t=19,pos={16,12,13}};{t=0,pos={21,3,3}};{t=30,pos={7,21,7}};{t=46,pos={12,8,14}};" 
source location is {{t=26,pos={23,8,9}}} with iterator number 1
{{t=26,pos={23,8,9}}}
source location is {{t=23,pos={0,23,7}}} with iterator number 2
{{t=23,pos={0,23,7}}}
source location is {{t=0,pos={22,12,22}}} with iterator number 3
{{t=0,pos={22,12,22}}}
source location is {{t=25,pos={5,20,5}}} with iterator number 4
{{t=25,pos={5,20,5}}}
source location is {{t=19,pos={16,12,13}}} with iterator number 5
{{t=19,pos={16,12,13}}}
source location is {{t=0,pos={21,3,3}}} with iterator number 6
{{t=0,pos={21,3,3}}}
source location is {{t=30,pos={7,21,7}}} with iterator number 7
{{t=30,pos={7,21,7}}}
source location is {{t=46,pos={12,8,14}}} with iterator number 8
{{t=46,pos={12,8,14}}}
Forward and Sequential Inversions over, starting stochastic inversions
# [] srun finished successfully for oet_inversions.qlua, status was 0
