Starting for config 0005
# [] source location string is "{t=14,pos={21,9,18}};{t=7,pos={17,11,2}};{t=25,pos={6,21,23}};{t=25,pos={4,13,16}};{t=32,pos={14,17,3}};{t=10,pos={2,16,12}};{t=28,pos={7,10,2}};{t=10,pos={12,16,14}};" 
source location is {{t=14,pos={21,9,18}}} with iterator number 1
{{t=14,pos={21,9,18}}}
source location is {{t=7,pos={17,11,2}}} with iterator number 2
{{t=7,pos={17,11,2}}}
source location is {{t=25,pos={6,21,23}}} with iterator number 3
{{t=25,pos={6,21,23}}}
source location is {{t=25,pos={4,13,16}}} with iterator number 4
{{t=25,pos={4,13,16}}}
source location is {{t=32,pos={14,17,3}}} with iterator number 5
{{t=32,pos={14,17,3}}}
source location is {{t=10,pos={2,16,12}}} with iterator number 6
{{t=10,pos={2,16,12}}}
source location is {{t=28,pos={7,10,2}}} with iterator number 7
{{t=28,pos={7,10,2}}}
source location is {{t=10,pos={12,16,14}}} with iterator number 8
{{t=10,pos={12,16,14}}}
Starting for config 0006
# [] source location string is "{t=42,pos={4,12,2}};{t=16,pos={18,10,0}};{t=12,pos={23,7,4}};{t=12,pos={9,14,19}};{t=34,pos={23,6,17}};{t=9,pos={9,6,14}};{t=25,pos={16,5,1}};{t=45,pos={23,0,4}};" 
source location is {{t=42,pos={4,12,2}}} with iterator number 1
{{t=42,pos={4,12,2}}}
source location is {{t=16,pos={18,10,0}}} with iterator number 2
{{t=16,pos={18,10,0}}}
source location is {{t=12,pos={23,7,4}}} with iterator number 3
{{t=12,pos={23,7,4}}}
source location is {{t=12,pos={9,14,19}}} with iterator number 4
{{t=12,pos={9,14,19}}}
source location is {{t=34,pos={23,6,17}}} with iterator number 5
{{t=34,pos={23,6,17}}}
source location is {{t=9,pos={9,6,14}}} with iterator number 6
{{t=9,pos={9,6,14}}}
source location is {{t=25,pos={16,5,1}}} with iterator number 7
{{t=25,pos={16,5,1}}}
source location is {{t=45,pos={23,0,4}}} with iterator number 8
{{t=45,pos={23,0,4}}}
Starting for config 0007
# [] source location string is "{t=2,pos={2,15,13}};{t=7,pos={17,21,11}};{t=0,pos={15,7,19}};{t=41,pos={17,11,14}};{t=7,pos={16,20,12}};{t=16,pos={23,14,9}};{t=1,pos={9,5,2}};{t=23,pos={7,3,12}};" 
source location is {{t=2,pos={2,15,13}}} with iterator number 1
{{t=2,pos={2,15,13}}}
source location is {{t=7,pos={17,21,11}}} with iterator number 2
{{t=7,pos={17,21,11}}}
source location is {{t=0,pos={15,7,19}}} with iterator number 3
{{t=0,pos={15,7,19}}}
source location is {{t=41,pos={17,11,14}}} with iterator number 4
{{t=41,pos={17,11,14}}}
source location is {{t=7,pos={16,20,12}}} with iterator number 5
{{t=7,pos={16,20,12}}}
source location is {{t=16,pos={23,14,9}}} with iterator number 6
{{t=16,pos={23,14,9}}}
source location is {{t=1,pos={9,5,2}}} with iterator number 7
{{t=1,pos={9,5,2}}}
source location is {{t=23,pos={7,3,12}}} with iterator number 8
{{t=23,pos={7,3,12}}}
Starting for config 0008
# [] source location string is "{t=42,pos={20,5,23}};{t=46,pos={1,14,22}};{t=19,pos={6,1,13}};{t=30,pos={12,12,22}};{t=25,pos={9,6,20}};{t=46,pos={3,3,3}};{t=1,pos={3,9,17}};{t=8,pos={10,3,5}};" 
source location is {{t=42,pos={20,5,23}}} with iterator number 1
{{t=42,pos={20,5,23}}}
source location is {{t=46,pos={1,14,22}}} with iterator number 2
{{t=46,pos={1,14,22}}}
source location is {{t=19,pos={6,1,13}}} with iterator number 3
{{t=19,pos={6,1,13}}}
source location is {{t=30,pos={12,12,22}}} with iterator number 4
{{t=30,pos={12,12,22}}}
source location is {{t=25,pos={9,6,20}}} with iterator number 5
{{t=25,pos={9,6,20}}}
source location is {{t=46,pos={3,3,3}}} with iterator number 6
{{t=46,pos={3,3,3}}}
source location is {{t=1,pos={3,9,17}}} with iterator number 7
{{t=1,pos={3,9,17}}}
source location is {{t=8,pos={10,3,5}}} with iterator number 8
{{t=8,pos={10,3,5}}}
Forward and Sequential Inversions over, starting stochastic inversions
# [] srun finished successfully for inversions.qlua, status was 0
