Configuration number 0041
Starting for config 0041
# [] source location string is "{t=19,pos={19,2,10}};{t=0,pos={3,7,3}};{t=29,pos={21,18,0}};{t=12,pos={3,20,16}};{t=41,pos={19,11,17}};{t=2,pos={8,7,2}};{t=32,pos={10,17,22}};{t=10,pos={5,2,4}};" 
source location is {{t=19,pos={19,2,10}}} with iterator number 1
{{t=19,pos={19,2,10}}}
source location is {{t=0,pos={3,7,3}}} with iterator number 2
{{t=0,pos={3,7,3}}}
source location is {{t=29,pos={21,18,0}}} with iterator number 3
{{t=29,pos={21,18,0}}}
source location is {{t=12,pos={3,20,16}}} with iterator number 4
{{t=12,pos={3,20,16}}}
source location is {{t=41,pos={19,11,17}}} with iterator number 5
{{t=41,pos={19,11,17}}}
source location is {{t=2,pos={8,7,2}}} with iterator number 6
{{t=2,pos={8,7,2}}}
source location is {{t=32,pos={10,17,22}}} with iterator number 7
{{t=32,pos={10,17,22}}}
source location is {{t=10,pos={5,2,4}}} with iterator number 8
{{t=10,pos={5,2,4}}}
Configuration number 0042
Starting for config 0042
# [] source location string is "{t=1,pos={7,0,18}};{t=46,pos={14,3,9}};{t=16,pos={18,14,19}};{t=16,pos={21,15,0}};{t=5,pos={9,0,6}};{t=36,pos={11,14,5}};{t=29,pos={7,12,15}};{t=2,pos={16,9,19}};" 
source location is {{t=1,pos={7,0,18}}} with iterator number 1
{{t=1,pos={7,0,18}}}
source location is {{t=46,pos={14,3,9}}} with iterator number 2
{{t=46,pos={14,3,9}}}
source location is {{t=16,pos={18,14,19}}} with iterator number 3
{{t=16,pos={18,14,19}}}
source location is {{t=16,pos={21,15,0}}} with iterator number 4
{{t=16,pos={21,15,0}}}
source location is {{t=5,pos={9,0,6}}} with iterator number 5
{{t=5,pos={9,0,6}}}
source location is {{t=36,pos={11,14,5}}} with iterator number 6
{{t=36,pos={11,14,5}}}
source location is {{t=29,pos={7,12,15}}} with iterator number 7
{{t=29,pos={7,12,15}}}
source location is {{t=2,pos={16,9,19}}} with iterator number 8
{{t=2,pos={16,9,19}}}
Configuration number 0043
Starting for config 0043
# [] source location string is "{t=23,pos={8,7,19}};{t=47,pos={2,6,19}};{t=21,pos={5,5,21}};{t=25,pos={21,18,23}};{t=12,pos={12,9,19}};{t=15,pos={19,10,3}};{t=45,pos={17,3,17}};{t=41,pos={5,0,19}};" 
source location is {{t=23,pos={8,7,19}}} with iterator number 1
{{t=23,pos={8,7,19}}}
source location is {{t=47,pos={2,6,19}}} with iterator number 2
{{t=47,pos={2,6,19}}}
source location is {{t=21,pos={5,5,21}}} with iterator number 3
{{t=21,pos={5,5,21}}}
source location is {{t=25,pos={21,18,23}}} with iterator number 4
{{t=25,pos={21,18,23}}}
source location is {{t=12,pos={12,9,19}}} with iterator number 5
{{t=12,pos={12,9,19}}}
source location is {{t=15,pos={19,10,3}}} with iterator number 6
{{t=15,pos={19,10,3}}}
source location is {{t=45,pos={17,3,17}}} with iterator number 7
{{t=45,pos={17,3,17}}}
source location is {{t=41,pos={5,0,19}}} with iterator number 8
{{t=41,pos={5,0,19}}}
Configuration number 0044
Starting for config 0044
# [] source location string is "{t=38,pos={5,21,12}};{t=12,pos={16,7,0}};{t=18,pos={10,8,9}};{t=0,pos={19,10,20}};{t=21,pos={22,20,21}};{t=38,pos={3,2,3}};{t=27,pos={14,3,17}};{t=43,pos={23,10,2}};" 
source location is {{t=38,pos={5,21,12}}} with iterator number 1
{{t=38,pos={5,21,12}}}
source location is {{t=12,pos={16,7,0}}} with iterator number 2
{{t=12,pos={16,7,0}}}
source location is {{t=18,pos={10,8,9}}} with iterator number 3
{{t=18,pos={10,8,9}}}
source location is {{t=0,pos={19,10,20}}} with iterator number 4
{{t=0,pos={19,10,20}}}
source location is {{t=21,pos={22,20,21}}} with iterator number 5
{{t=21,pos={22,20,21}}}
source location is {{t=38,pos={3,2,3}}} with iterator number 6
{{t=38,pos={3,2,3}}}
source location is {{t=27,pos={14,3,17}}} with iterator number 7
{{t=27,pos={14,3,17}}}
source location is {{t=43,pos={23,10,2}}} with iterator number 8
{{t=43,pos={23,10,2}}}
Configuration number 0045
Starting for config 0045
# [] source location string is "{t=32,pos={18,17,14}};{t=28,pos={5,19,1}};{t=21,pos={4,10,4}};{t=8,pos={18,3,19}};{t=42,pos={23,15,22}};{t=25,pos={22,5,20}};{t=34,pos={22,22,1}};{t=14,pos={5,15,17}};" 
source location is {{t=32,pos={18,17,14}}} with iterator number 1
{{t=32,pos={18,17,14}}}
source location is {{t=28,pos={5,19,1}}} with iterator number 2
{{t=28,pos={5,19,1}}}
source location is {{t=21,pos={4,10,4}}} with iterator number 3
{{t=21,pos={4,10,4}}}
source location is {{t=8,pos={18,3,19}}} with iterator number 4
{{t=8,pos={18,3,19}}}
source location is {{t=42,pos={23,15,22}}} with iterator number 5
{{t=42,pos={23,15,22}}}
source location is {{t=25,pos={22,5,20}}} with iterator number 6
{{t=25,pos={22,5,20}}}
source location is {{t=34,pos={22,22,1}}} with iterator number 7
{{t=34,pos={22,22,1}}}
source location is {{t=14,pos={5,15,17}}} with iterator number 8
{{t=14,pos={5,15,17}}}
Configuration number 0046
Starting for config 0046
# [] source location string is "{t=22,pos={1,5,12}};{t=2,pos={8,20,4}};{t=8,pos={19,8,3}};{t=3,pos={5,19,3}};{t=42,pos={6,6,17}};{t=32,pos={11,8,23}};{t=15,pos={20,5,16}};{t=26,pos={23,23,2}};" 
source location is {{t=22,pos={1,5,12}}} with iterator number 1
{{t=22,pos={1,5,12}}}
source location is {{t=2,pos={8,20,4}}} with iterator number 2
{{t=2,pos={8,20,4}}}
source location is {{t=8,pos={19,8,3}}} with iterator number 3
{{t=8,pos={19,8,3}}}
source location is {{t=3,pos={5,19,3}}} with iterator number 4
{{t=3,pos={5,19,3}}}
source location is {{t=42,pos={6,6,17}}} with iterator number 5
{{t=42,pos={6,6,17}}}
source location is {{t=32,pos={11,8,23}}} with iterator number 6
{{t=32,pos={11,8,23}}}
source location is {{t=15,pos={20,5,16}}} with iterator number 7
{{t=15,pos={20,5,16}}}
source location is {{t=26,pos={23,23,2}}} with iterator number 8
{{t=26,pos={23,23,2}}}
Configuration number 0047
Starting for config 0047
# [] source location string is "{t=18,pos={18,17,17}};{t=44,pos={16,9,20}};{t=38,pos={22,14,16}};{t=34,pos={2,23,16}};{t=7,pos={0,3,15}};{t=6,pos={5,13,0}};{t=2,pos={13,10,6}};{t=40,pos={19,6,13}};" 
source location is {{t=18,pos={18,17,17}}} with iterator number 1
{{t=18,pos={18,17,17}}}
source location is {{t=44,pos={16,9,20}}} with iterator number 2
{{t=44,pos={16,9,20}}}
source location is {{t=38,pos={22,14,16}}} with iterator number 3
{{t=38,pos={22,14,16}}}
source location is {{t=34,pos={2,23,16}}} with iterator number 4
{{t=34,pos={2,23,16}}}
source location is {{t=7,pos={0,3,15}}} with iterator number 5
{{t=7,pos={0,3,15}}}
source location is {{t=6,pos={5,13,0}}} with iterator number 6
{{t=6,pos={5,13,0}}}
source location is {{t=2,pos={13,10,6}}} with iterator number 7
{{t=2,pos={13,10,6}}}
source location is {{t=40,pos={19,6,13}}} with iterator number 8
{{t=40,pos={19,6,13}}}
Configuration number 0048
Starting for config 0048
# [] source location string is "{t=30,pos={23,8,21}};{t=8,pos={4,1,3}};{t=34,pos={0,17,22}};{t=40,pos={14,19,13}};{t=6,pos={22,7,0}};{t=9,pos={19,0,11}};{t=26,pos={3,8,5}};{t=10,pos={18,2,17}};" 
source location is {{t=30,pos={23,8,21}}} with iterator number 1
{{t=30,pos={23,8,21}}}
source location is {{t=8,pos={4,1,3}}} with iterator number 2
{{t=8,pos={4,1,3}}}
source location is {{t=34,pos={0,17,22}}} with iterator number 3
{{t=34,pos={0,17,22}}}
source location is {{t=40,pos={14,19,13}}} with iterator number 4
{{t=40,pos={14,19,13}}}
source location is {{t=6,pos={22,7,0}}} with iterator number 5
{{t=6,pos={22,7,0}}}
source location is {{t=9,pos={19,0,11}}} with iterator number 6
{{t=9,pos={19,0,11}}}
source location is {{t=26,pos={3,8,5}}} with iterator number 7
{{t=26,pos={3,8,5}}}
source location is {{t=10,pos={18,2,17}}} with iterator number 8
{{t=10,pos={18,2,17}}}
Forward and Sequential Inversions over, starting stochastic inversions
# [] srun finished successfully for oet_inversions.qlua, status was 0
