Starting for config 0017
# [/var/spool/slurmd/job7239963/slurm_script] source location string is "{t=0,pos={0,19,21}};{t=32,pos={0,15,22}};{t=43,pos={14,1,1}};{t=23,pos={9,0,16}};{t=5,pos={0,20,23}};{t=6,pos={2,18,21}};{t=33,pos={18,5,13}};{t=46,pos={19,10,23}};" 
source location is {{t=0,pos={0,19,21}}} with iterator number 1
{{t=0,pos={0,19,21}}}
source location is {{t=32,pos={0,15,22}}} with iterator number 2
{{t=32,pos={0,15,22}}}
source location is {{t=43,pos={14,1,1}}} with iterator number 3
{{t=43,pos={14,1,1}}}
source location is {{t=23,pos={9,0,16}}} with iterator number 4
{{t=23,pos={9,0,16}}}
source location is {{t=5,pos={0,20,23}}} with iterator number 5
{{t=5,pos={0,20,23}}}
source location is {{t=6,pos={2,18,21}}} with iterator number 6
{{t=6,pos={2,18,21}}}
source location is {{t=33,pos={18,5,13}}} with iterator number 7
{{t=33,pos={18,5,13}}}
source location is {{t=46,pos={19,10,23}}} with iterator number 8
{{t=46,pos={19,10,23}}}
Starting for config 0018
# [/var/spool/slurmd/job7239963/slurm_script] source location string is "{t=39,pos={7,13,17}};{t=33,pos={11,1,10}};{t=33,pos={9,12,11}};{t=1,pos={5,14,23}};{t=27,pos={10,18,15}};{t=45,pos={5,19,16}};{t=6,pos={15,18,19}};{t=44,pos={5,0,9}};" 
source location is {{t=39,pos={7,13,17}}} with iterator number 1
{{t=39,pos={7,13,17}}}
source location is {{t=33,pos={11,1,10}}} with iterator number 2
{{t=33,pos={11,1,10}}}
source location is {{t=33,pos={9,12,11}}} with iterator number 3
{{t=33,pos={9,12,11}}}
source location is {{t=1,pos={5,14,23}}} with iterator number 4
{{t=1,pos={5,14,23}}}
source location is {{t=27,pos={10,18,15}}} with iterator number 5
{{t=27,pos={10,18,15}}}
source location is {{t=45,pos={5,19,16}}} with iterator number 6
{{t=45,pos={5,19,16}}}
source location is {{t=6,pos={15,18,19}}} with iterator number 7
{{t=6,pos={15,18,19}}}
source location is {{t=44,pos={5,0,9}}} with iterator number 8
{{t=44,pos={5,0,9}}}
Starting for config 0019
# [/var/spool/slurmd/job7239963/slurm_script] source location string is "{t=2,pos={22,0,7}};{t=15,pos={14,13,19}};{t=14,pos={14,4,13}};{t=40,pos={4,21,12}};{t=46,pos={2,13,15}};{t=36,pos={8,3,23}};{t=19,pos={21,4,16}};{t=27,pos={17,10,12}};" 
source location is {{t=2,pos={22,0,7}}} with iterator number 1
{{t=2,pos={22,0,7}}}
source location is {{t=15,pos={14,13,19}}} with iterator number 2
{{t=15,pos={14,13,19}}}
source location is {{t=14,pos={14,4,13}}} with iterator number 3
{{t=14,pos={14,4,13}}}
source location is {{t=40,pos={4,21,12}}} with iterator number 4
{{t=40,pos={4,21,12}}}
source location is {{t=46,pos={2,13,15}}} with iterator number 5
{{t=46,pos={2,13,15}}}
source location is {{t=36,pos={8,3,23}}} with iterator number 6
{{t=36,pos={8,3,23}}}
source location is {{t=19,pos={21,4,16}}} with iterator number 7
{{t=19,pos={21,4,16}}}
source location is {{t=27,pos={17,10,12}}} with iterator number 8
{{t=27,pos={17,10,12}}}
Starting for config 0020
# [/var/spool/slurmd/job7239963/slurm_script] source location string is "{t=42,pos={17,15,4}};{t=11,pos={18,18,3}};{t=38,pos={13,14,0}};{t=36,pos={18,19,14}};{t=0,pos={4,0,10}};{t=39,pos={15,15,22}};{t=40,pos={11,17,23}};{t=31,pos={6,14,7}};" 
source location is {{t=42,pos={17,15,4}}} with iterator number 1
{{t=42,pos={17,15,4}}}
source location is {{t=11,pos={18,18,3}}} with iterator number 2
{{t=11,pos={18,18,3}}}
source location is {{t=38,pos={13,14,0}}} with iterator number 3
{{t=38,pos={13,14,0}}}
source location is {{t=36,pos={18,19,14}}} with iterator number 4
{{t=36,pos={18,19,14}}}
source location is {{t=0,pos={4,0,10}}} with iterator number 5
{{t=0,pos={4,0,10}}}
source location is {{t=39,pos={15,15,22}}} with iterator number 6
{{t=39,pos={15,15,22}}}
source location is {{t=40,pos={11,17,23}}} with iterator number 7
{{t=40,pos={11,17,23}}}
source location is {{t=31,pos={6,14,7}}} with iterator number 8
{{t=31,pos={6,14,7}}}
Forward and Sequential Inversions over, starting stochastic inversions
# [/var/spool/slurmd/job7239963/slurm_script] srun finished successfully for inversions.qlua, status was 0
