Configuration number 0001
Starting for config 0001
# [] source location string is "{t=38,pos={8,21,2}};{t=24,pos={9,17,6}};{t=9,pos={13,8,0}};{t=3,pos={4,23,14}};{t=18,pos={15,20,14}};{t=45,pos={20,17,13}};{t=30,pos={2,12,14}};{t=22,pos={21,0,0}};" 
source location is {{t=38,pos={8,21,2}}} with iterator number 1
{{t=38,pos={8,21,2}}}
source location is {{t=24,pos={9,17,6}}} with iterator number 2
{{t=24,pos={9,17,6}}}
source location is {{t=9,pos={13,8,0}}} with iterator number 3
{{t=9,pos={13,8,0}}}
source location is {{t=3,pos={4,23,14}}} with iterator number 4
{{t=3,pos={4,23,14}}}
source location is {{t=18,pos={15,20,14}}} with iterator number 5
{{t=18,pos={15,20,14}}}
source location is {{t=45,pos={20,17,13}}} with iterator number 6
{{t=45,pos={20,17,13}}}
source location is {{t=30,pos={2,12,14}}} with iterator number 7
{{t=30,pos={2,12,14}}}
source location is {{t=22,pos={21,0,0}}} with iterator number 8
{{t=22,pos={21,0,0}}}
Configuration number 0002
Starting for config 0002
# [] source location string is "{t=31,pos={0,8,1}};{t=23,pos={12,20,11}};{t=19,pos={1,1,1}};{t=10,pos={3,18,10}};{t=36,pos={7,10,0}};{t=33,pos={3,1,1}};{t=44,pos={21,23,3}};{t=10,pos={20,13,7}};" 
source location is {{t=31,pos={0,8,1}}} with iterator number 1
{{t=31,pos={0,8,1}}}
source location is {{t=23,pos={12,20,11}}} with iterator number 2
{{t=23,pos={12,20,11}}}
source location is {{t=19,pos={1,1,1}}} with iterator number 3
{{t=19,pos={1,1,1}}}
source location is {{t=10,pos={3,18,10}}} with iterator number 4
{{t=10,pos={3,18,10}}}
source location is {{t=36,pos={7,10,0}}} with iterator number 5
{{t=36,pos={7,10,0}}}
source location is {{t=33,pos={3,1,1}}} with iterator number 6
{{t=33,pos={3,1,1}}}
source location is {{t=44,pos={21,23,3}}} with iterator number 7
{{t=44,pos={21,23,3}}}
source location is {{t=10,pos={20,13,7}}} with iterator number 8
{{t=10,pos={20,13,7}}}
Configuration number 0003
Starting for config 0003
# [] source location string is "{t=25,pos={16,7,9}};{t=33,pos={8,2,8}};{t=46,pos={19,1,19}};{t=42,pos={23,20,19}};{t=38,pos={4,11,6}};{t=17,pos={21,23,16}};{t=30,pos={13,3,5}};{t=40,pos={2,1,2}};" 
source location is {{t=25,pos={16,7,9}}} with iterator number 1
{{t=25,pos={16,7,9}}}
source location is {{t=33,pos={8,2,8}}} with iterator number 2
{{t=33,pos={8,2,8}}}
source location is {{t=46,pos={19,1,19}}} with iterator number 3
{{t=46,pos={19,1,19}}}
source location is {{t=42,pos={23,20,19}}} with iterator number 4
{{t=42,pos={23,20,19}}}
source location is {{t=38,pos={4,11,6}}} with iterator number 5
{{t=38,pos={4,11,6}}}
source location is {{t=17,pos={21,23,16}}} with iterator number 6
{{t=17,pos={21,23,16}}}
source location is {{t=30,pos={13,3,5}}} with iterator number 7
{{t=30,pos={13,3,5}}}
source location is {{t=40,pos={2,1,2}}} with iterator number 8
{{t=40,pos={2,1,2}}}
Configuration number 0004
Starting for config 0004
# [] source location string is "{t=23,pos={16,17,20}};{t=2,pos={13,8,6}};{t=0,pos={5,6,21}};{t=40,pos={5,0,3}};{t=13,pos={16,18,2}};{t=46,pos={14,23,15}};{t=7,pos={18,0,20}};{t=42,pos={16,23,1}};" 
source location is {{t=23,pos={16,17,20}}} with iterator number 1
{{t=23,pos={16,17,20}}}
source location is {{t=2,pos={13,8,6}}} with iterator number 2
{{t=2,pos={13,8,6}}}
source location is {{t=0,pos={5,6,21}}} with iterator number 3
{{t=0,pos={5,6,21}}}
source location is {{t=40,pos={5,0,3}}} with iterator number 4
{{t=40,pos={5,0,3}}}
source location is {{t=13,pos={16,18,2}}} with iterator number 5
{{t=13,pos={16,18,2}}}
source location is {{t=46,pos={14,23,15}}} with iterator number 6
{{t=46,pos={14,23,15}}}
source location is {{t=7,pos={18,0,20}}} with iterator number 7
{{t=7,pos={18,0,20}}}
source location is {{t=42,pos={16,23,1}}} with iterator number 8
{{t=42,pos={16,23,1}}}
Configuration number 0005
Starting for config 0005
# [] source location string is "{t=14,pos={21,9,18}};{t=7,pos={17,11,2}};{t=25,pos={6,21,23}};{t=25,pos={4,13,16}};{t=32,pos={14,17,3}};{t=10,pos={2,16,12}};{t=28,pos={7,10,2}};{t=10,pos={12,16,14}};" 
source location is {{t=14,pos={21,9,18}}} with iterator number 1
{{t=14,pos={21,9,18}}}
source location is {{t=7,pos={17,11,2}}} with iterator number 2
{{t=7,pos={17,11,2}}}
source location is {{t=25,pos={6,21,23}}} with iterator number 3
{{t=25,pos={6,21,23}}}
source location is {{t=25,pos={4,13,16}}} with iterator number 4
{{t=25,pos={4,13,16}}}
source location is {{t=32,pos={14,17,3}}} with iterator number 5
{{t=32,pos={14,17,3}}}
source location is {{t=10,pos={2,16,12}}} with iterator number 6
{{t=10,pos={2,16,12}}}
source location is {{t=28,pos={7,10,2}}} with iterator number 7
{{t=28,pos={7,10,2}}}
source location is {{t=10,pos={12,16,14}}} with iterator number 8
{{t=10,pos={12,16,14}}}
Configuration number 0006
Starting for config 0006
# [] source location string is "{t=42,pos={4,12,2}};{t=16,pos={18,10,0}};{t=12,pos={23,7,4}};{t=12,pos={9,14,19}};{t=34,pos={23,6,17}};{t=9,pos={9,6,14}};{t=25,pos={16,5,1}};{t=45,pos={23,0,4}};" 
source location is {{t=42,pos={4,12,2}}} with iterator number 1
{{t=42,pos={4,12,2}}}
source location is {{t=16,pos={18,10,0}}} with iterator number 2
{{t=16,pos={18,10,0}}}
source location is {{t=12,pos={23,7,4}}} with iterator number 3
{{t=12,pos={23,7,4}}}
source location is {{t=12,pos={9,14,19}}} with iterator number 4
{{t=12,pos={9,14,19}}}
source location is {{t=34,pos={23,6,17}}} with iterator number 5
{{t=34,pos={23,6,17}}}
source location is {{t=9,pos={9,6,14}}} with iterator number 6
{{t=9,pos={9,6,14}}}
source location is {{t=25,pos={16,5,1}}} with iterator number 7
{{t=25,pos={16,5,1}}}
source location is {{t=45,pos={23,0,4}}} with iterator number 8
{{t=45,pos={23,0,4}}}
Configuration number 0007
Starting for config 0007
# [] source location string is "{t=2,pos={2,15,13}};{t=7,pos={17,21,11}};{t=0,pos={15,7,19}};{t=41,pos={17,11,14}};{t=7,pos={16,20,12}};{t=16,pos={23,14,9}};{t=1,pos={9,5,2}};{t=23,pos={7,3,12}};" 
source location is {{t=2,pos={2,15,13}}} with iterator number 1
{{t=2,pos={2,15,13}}}
source location is {{t=7,pos={17,21,11}}} with iterator number 2
{{t=7,pos={17,21,11}}}
source location is {{t=0,pos={15,7,19}}} with iterator number 3
{{t=0,pos={15,7,19}}}
source location is {{t=41,pos={17,11,14}}} with iterator number 4
{{t=41,pos={17,11,14}}}
source location is {{t=7,pos={16,20,12}}} with iterator number 5
{{t=7,pos={16,20,12}}}
source location is {{t=16,pos={23,14,9}}} with iterator number 6
{{t=16,pos={23,14,9}}}
source location is {{t=1,pos={9,5,2}}} with iterator number 7
{{t=1,pos={9,5,2}}}
source location is {{t=23,pos={7,3,12}}} with iterator number 8
{{t=23,pos={7,3,12}}}
Configuration number 0008
Starting for config 0008
# [] source location string is "{t=42,pos={20,5,23}};{t=46,pos={1,14,22}};{t=19,pos={6,1,13}};{t=30,pos={12,12,22}};{t=25,pos={9,6,20}};{t=46,pos={3,3,3}};{t=1,pos={3,9,17}};{t=8,pos={10,3,5}};" 
source location is {{t=42,pos={20,5,23}}} with iterator number 1
{{t=42,pos={20,5,23}}}
source location is {{t=46,pos={1,14,22}}} with iterator number 2
{{t=46,pos={1,14,22}}}
source location is {{t=19,pos={6,1,13}}} with iterator number 3
{{t=19,pos={6,1,13}}}
source location is {{t=30,pos={12,12,22}}} with iterator number 4
{{t=30,pos={12,12,22}}}
source location is {{t=25,pos={9,6,20}}} with iterator number 5
{{t=25,pos={9,6,20}}}
source location is {{t=46,pos={3,3,3}}} with iterator number 6
{{t=46,pos={3,3,3}}}
source location is {{t=1,pos={3,9,17}}} with iterator number 7
{{t=1,pos={3,9,17}}}
source location is {{t=8,pos={10,3,5}}} with iterator number 8
{{t=8,pos={10,3,5}}}
Forward and Sequential Inversions over, starting stochastic inversions
# [] srun finished successfully for oet_inversions.qlua, status was 0
