Starting for config 0029
# [/var/spool/slurmd/job7239968/slurm_script] source location string is "{t=42,pos={17,20,13}};{t=39,pos={17,4,1}};{t=47,pos={9,19,14}};{t=32,pos={18,1,0}};{t=11,pos={20,12,21}};{t=41,pos={16,5,5}};{t=3,pos={20,12,13}};{t=3,pos={4,3,10}};" 
source location is {{t=42,pos={17,20,13}}} with iterator number 1
{{t=42,pos={17,20,13}}}
source location is {{t=39,pos={17,4,1}}} with iterator number 2
{{t=39,pos={17,4,1}}}
source location is {{t=47,pos={9,19,14}}} with iterator number 3
{{t=47,pos={9,19,14}}}
source location is {{t=32,pos={18,1,0}}} with iterator number 4
{{t=32,pos={18,1,0}}}
source location is {{t=11,pos={20,12,21}}} with iterator number 5
{{t=11,pos={20,12,21}}}
source location is {{t=41,pos={16,5,5}}} with iterator number 6
{{t=41,pos={16,5,5}}}
source location is {{t=3,pos={20,12,13}}} with iterator number 7
{{t=3,pos={20,12,13}}}
source location is {{t=3,pos={4,3,10}}} with iterator number 8
{{t=3,pos={4,3,10}}}
Forward and Sequential Inversions over, starting stochastic inversions
# [/var/spool/slurmd/job7239968/slurm_script] srun finished successfully for inversions.qlua, status was 0
