Starting for config 0045
# [/var/spool/slurmd/job7244291/slurm_script] source location string is "{t=32,pos={18,17,14}};{t=28,pos={5,19,1}};{t=21,pos={4,10,4}};{t=8,pos={18,3,19}};{t=42,pos={23,15,22}};{t=25,pos={22,5,20}};{t=34,pos={22,22,1}};{t=14,pos={5,15,17}};" 
source location is {{t=32,pos={18,17,14}}} with iterator number 1
{{t=32,pos={18,17,14}}}
source location is {{t=28,pos={5,19,1}}} with iterator number 2
{{t=28,pos={5,19,1}}}
source location is {{t=21,pos={4,10,4}}} with iterator number 3
{{t=21,pos={4,10,4}}}
source location is {{t=8,pos={18,3,19}}} with iterator number 4
{{t=8,pos={18,3,19}}}
source location is {{t=42,pos={23,15,22}}} with iterator number 5
{{t=42,pos={23,15,22}}}
source location is {{t=25,pos={22,5,20}}} with iterator number 6
{{t=25,pos={22,5,20}}}
source location is {{t=34,pos={22,22,1}}} with iterator number 7
{{t=34,pos={22,22,1}}}
source location is {{t=14,pos={5,15,17}}} with iterator number 8
{{t=14,pos={5,15,17}}}
Starting for config 0046
# [/var/spool/slurmd/job7244291/slurm_script] source location string is "{t=22,pos={1,5,12}};{t=2,pos={8,20,4}};{t=8,pos={19,8,3}};{t=3,pos={5,19,3}};{t=42,pos={6,6,17}};{t=32,pos={11,8,23}};{t=15,pos={20,5,16}};{t=26,pos={23,23,2}};" 
source location is {{t=22,pos={1,5,12}}} with iterator number 1
{{t=22,pos={1,5,12}}}
source location is {{t=2,pos={8,20,4}}} with iterator number 2
{{t=2,pos={8,20,4}}}
source location is {{t=8,pos={19,8,3}}} with iterator number 3
{{t=8,pos={19,8,3}}}
source location is {{t=3,pos={5,19,3}}} with iterator number 4
{{t=3,pos={5,19,3}}}
source location is {{t=42,pos={6,6,17}}} with iterator number 5
{{t=42,pos={6,6,17}}}
source location is {{t=32,pos={11,8,23}}} with iterator number 6
{{t=32,pos={11,8,23}}}
source location is {{t=15,pos={20,5,16}}} with iterator number 7
{{t=15,pos={20,5,16}}}
source location is {{t=26,pos={23,23,2}}} with iterator number 8
{{t=26,pos={23,23,2}}}
Starting for config 0047
# [/var/spool/slurmd/job7244291/slurm_script] source location string is "{t=18,pos={18,17,17}};{t=44,pos={16,9,20}};{t=38,pos={22,14,16}};{t=34,pos={2,23,16}};{t=7,pos={0,3,15}};{t=6,pos={5,13,0}};{t=2,pos={13,10,6}};{t=40,pos={19,6,13}};" 
source location is {{t=18,pos={18,17,17}}} with iterator number 1
{{t=18,pos={18,17,17}}}
source location is {{t=44,pos={16,9,20}}} with iterator number 2
{{t=44,pos={16,9,20}}}
source location is {{t=38,pos={22,14,16}}} with iterator number 3
{{t=38,pos={22,14,16}}}
source location is {{t=34,pos={2,23,16}}} with iterator number 4
{{t=34,pos={2,23,16}}}
source location is {{t=7,pos={0,3,15}}} with iterator number 5
{{t=7,pos={0,3,15}}}
source location is {{t=6,pos={5,13,0}}} with iterator number 6
{{t=6,pos={5,13,0}}}
source location is {{t=2,pos={13,10,6}}} with iterator number 7
{{t=2,pos={13,10,6}}}
source location is {{t=40,pos={19,6,13}}} with iterator number 8
{{t=40,pos={19,6,13}}}
Starting for config 0048
# [/var/spool/slurmd/job7244291/slurm_script] source location string is "{t=30,pos={23,8,21}};{t=8,pos={4,1,3}};{t=34,pos={0,17,22}};{t=40,pos={14,19,13}};{t=6,pos={22,7,0}};{t=9,pos={19,0,11}};{t=26,pos={3,8,5}};{t=10,pos={18,2,17}};" 
source location is {{t=30,pos={23,8,21}}} with iterator number 1
{{t=30,pos={23,8,21}}}
source location is {{t=8,pos={4,1,3}}} with iterator number 2
{{t=8,pos={4,1,3}}}
source location is {{t=34,pos={0,17,22}}} with iterator number 3
{{t=34,pos={0,17,22}}}
source location is {{t=40,pos={14,19,13}}} with iterator number 4
{{t=40,pos={14,19,13}}}
source location is {{t=6,pos={22,7,0}}} with iterator number 5
{{t=6,pos={22,7,0}}}
source location is {{t=9,pos={19,0,11}}} with iterator number 6
{{t=9,pos={19,0,11}}}
source location is {{t=26,pos={3,8,5}}} with iterator number 7
{{t=26,pos={3,8,5}}}
source location is {{t=10,pos={18,2,17}}} with iterator number 8
{{t=10,pos={18,2,17}}}
Forward and Sequential Inversions over, starting stochastic inversions
# [/var/spool/slurmd/job7244291/slurm_script] srun finished successfully for inversions.qlua, status was 0
