Starting for config 0053
# [/var/spool/slurmd/job7245544/slurm_script] source location string is "{t=29,pos={8,15,15}};{t=15,pos={4,7,1}};{t=13,pos={19,5,9}};{t=43,pos={0,15,14}};{t=15,pos={16,2,9}};{t=1,pos={4,11,2}};{t=24,pos={3,12,4}};{t=15,pos={7,3,0}};" 
source location is {{t=29,pos={8,15,15}}} with iterator number 1
{{t=29,pos={8,15,15}}}
source location is {{t=15,pos={4,7,1}}} with iterator number 2
{{t=15,pos={4,7,1}}}
source location is {{t=13,pos={19,5,9}}} with iterator number 3
{{t=13,pos={19,5,9}}}
source location is {{t=43,pos={0,15,14}}} with iterator number 4
{{t=43,pos={0,15,14}}}
source location is {{t=15,pos={16,2,9}}} with iterator number 5
{{t=15,pos={16,2,9}}}
source location is {{t=1,pos={4,11,2}}} with iterator number 6
{{t=1,pos={4,11,2}}}
source location is {{t=24,pos={3,12,4}}} with iterator number 7
{{t=24,pos={3,12,4}}}
source location is {{t=15,pos={7,3,0}}} with iterator number 8
{{t=15,pos={7,3,0}}}
Starting for config 0054
# [/var/spool/slurmd/job7245544/slurm_script] source location string is "{t=11,pos={20,16,14}};{t=12,pos={15,18,20}};{t=44,pos={7,3,5}};{t=25,pos={14,6,14}};{t=42,pos={5,19,18}};{t=33,pos={1,11,12}};{t=38,pos={2,2,16}};{t=38,pos={10,17,11}};" 
source location is {{t=11,pos={20,16,14}}} with iterator number 1
{{t=11,pos={20,16,14}}}
source location is {{t=12,pos={15,18,20}}} with iterator number 2
{{t=12,pos={15,18,20}}}
source location is {{t=44,pos={7,3,5}}} with iterator number 3
{{t=44,pos={7,3,5}}}
source location is {{t=25,pos={14,6,14}}} with iterator number 4
{{t=25,pos={14,6,14}}}
source location is {{t=42,pos={5,19,18}}} with iterator number 5
{{t=42,pos={5,19,18}}}
source location is {{t=33,pos={1,11,12}}} with iterator number 6
{{t=33,pos={1,11,12}}}
source location is {{t=38,pos={2,2,16}}} with iterator number 7
{{t=38,pos={2,2,16}}}
source location is {{t=38,pos={10,17,11}}} with iterator number 8
{{t=38,pos={10,17,11}}}
Starting for config 0055
# [/var/spool/slurmd/job7245544/slurm_script] source location string is "{t=3,pos={8,4,16}};{t=12,pos={15,11,18}};{t=2,pos={15,15,19}};{t=14,pos={15,15,7}};{t=44,pos={16,17,23}};{t=24,pos={1,10,17}};{t=43,pos={20,17,4}};{t=41,pos={13,4,3}};" 
source location is {{t=3,pos={8,4,16}}} with iterator number 1
{{t=3,pos={8,4,16}}}
source location is {{t=12,pos={15,11,18}}} with iterator number 2
{{t=12,pos={15,11,18}}}
source location is {{t=2,pos={15,15,19}}} with iterator number 3
{{t=2,pos={15,15,19}}}
source location is {{t=14,pos={15,15,7}}} with iterator number 4
{{t=14,pos={15,15,7}}}
source location is {{t=44,pos={16,17,23}}} with iterator number 5
{{t=44,pos={16,17,23}}}
source location is {{t=24,pos={1,10,17}}} with iterator number 6
{{t=24,pos={1,10,17}}}
source location is {{t=43,pos={20,17,4}}} with iterator number 7
{{t=43,pos={20,17,4}}}
source location is {{t=41,pos={13,4,3}}} with iterator number 8
{{t=41,pos={13,4,3}}}
Starting for config 0056
# [/var/spool/slurmd/job7245544/slurm_script] source location string is "{t=46,pos={10,5,17}};{t=40,pos={12,5,18}};{t=19,pos={12,12,17}};{t=40,pos={10,3,14}};{t=37,pos={13,9,8}};{t=38,pos={2,6,13}};{t=47,pos={14,20,12}};{t=47,pos={8,20,22}};" 
source location is {{t=46,pos={10,5,17}}} with iterator number 1
{{t=46,pos={10,5,17}}}
source location is {{t=40,pos={12,5,18}}} with iterator number 2
{{t=40,pos={12,5,18}}}
source location is {{t=19,pos={12,12,17}}} with iterator number 3
{{t=19,pos={12,12,17}}}
source location is {{t=40,pos={10,3,14}}} with iterator number 4
{{t=40,pos={10,3,14}}}
source location is {{t=37,pos={13,9,8}}} with iterator number 5
{{t=37,pos={13,9,8}}}
source location is {{t=38,pos={2,6,13}}} with iterator number 6
{{t=38,pos={2,6,13}}}
source location is {{t=47,pos={14,20,12}}} with iterator number 7
{{t=47,pos={14,20,12}}}
source location is {{t=47,pos={8,20,22}}} with iterator number 8
{{t=47,pos={8,20,22}}}
Forward and Sequential Inversions over, starting stochastic inversions
# [/var/spool/slurmd/job7245544/slurm_script] srun finished successfully for inversions.qlua, status was 0
