Starting for config 0041
# [/var/spool/slurmd/job7244201/slurm_script] source location string is "{t=19,pos={19,2,10}};{t=0,pos={3,7,3}};{t=29,pos={21,18,0}};{t=12,pos={3,20,16}};{t=41,pos={19,11,17}};{t=2,pos={8,7,2}};{t=32,pos={10,17,22}};{t=10,pos={5,2,4}};" 
source location is {{t=19,pos={19,2,10}}} with iterator number 1
{{t=19,pos={19,2,10}}}
source location is {{t=0,pos={3,7,3}}} with iterator number 2
{{t=0,pos={3,7,3}}}
source location is {{t=29,pos={21,18,0}}} with iterator number 3
{{t=29,pos={21,18,0}}}
source location is {{t=12,pos={3,20,16}}} with iterator number 4
{{t=12,pos={3,20,16}}}
source location is {{t=41,pos={19,11,17}}} with iterator number 5
{{t=41,pos={19,11,17}}}
source location is {{t=2,pos={8,7,2}}} with iterator number 6
{{t=2,pos={8,7,2}}}
source location is {{t=32,pos={10,17,22}}} with iterator number 7
{{t=32,pos={10,17,22}}}
source location is {{t=10,pos={5,2,4}}} with iterator number 8
{{t=10,pos={5,2,4}}}
Starting for config 0042
# [/var/spool/slurmd/job7244201/slurm_script] source location string is "{t=1,pos={7,0,18}};{t=46,pos={14,3,9}};{t=16,pos={18,14,19}};{t=16,pos={21,15,0}};{t=5,pos={9,0,6}};{t=36,pos={11,14,5}};{t=29,pos={7,12,15}};{t=2,pos={16,9,19}};" 
source location is {{t=1,pos={7,0,18}}} with iterator number 1
{{t=1,pos={7,0,18}}}
source location is {{t=46,pos={14,3,9}}} with iterator number 2
{{t=46,pos={14,3,9}}}
source location is {{t=16,pos={18,14,19}}} with iterator number 3
{{t=16,pos={18,14,19}}}
source location is {{t=16,pos={21,15,0}}} with iterator number 4
{{t=16,pos={21,15,0}}}
source location is {{t=5,pos={9,0,6}}} with iterator number 5
{{t=5,pos={9,0,6}}}
source location is {{t=36,pos={11,14,5}}} with iterator number 6
{{t=36,pos={11,14,5}}}
source location is {{t=29,pos={7,12,15}}} with iterator number 7
{{t=29,pos={7,12,15}}}
source location is {{t=2,pos={16,9,19}}} with iterator number 8
{{t=2,pos={16,9,19}}}
Forward and Sequential Inversions over, starting stochastic inversions
# [/var/spool/slurmd/job7244201/slurm_script] srun finished successfully for inversions.qlua, status was 0
