Starting for config 0010
# [/var/spool/slurmd/job7245537/slurm_script] source location string is "{t=38,pos={21,23,2}};{t=17,pos={19,12,19}};{t=43,pos={1,6,8}};{t=15,pos={0,10,2}};{t=17,pos={23,0,17}};{t=35,pos={16,5,17}};{t=19,pos={0,8,14}};{t=26,pos={8,20,12}};" 
source location is {{t=38,pos={21,23,2}}} with iterator number 1
{{t=38,pos={21,23,2}}}
source location is {{t=17,pos={19,12,19}}} with iterator number 2
{{t=17,pos={19,12,19}}}
source location is {{t=43,pos={1,6,8}}} with iterator number 3
{{t=43,pos={1,6,8}}}
source location is {{t=15,pos={0,10,2}}} with iterator number 4
{{t=15,pos={0,10,2}}}
source location is {{t=17,pos={23,0,17}}} with iterator number 5
{{t=17,pos={23,0,17}}}
source location is {{t=35,pos={16,5,17}}} with iterator number 6
{{t=35,pos={16,5,17}}}
source location is {{t=19,pos={0,8,14}}} with iterator number 7
{{t=19,pos={0,8,14}}}
source location is {{t=26,pos={8,20,12}}} with iterator number 8
{{t=26,pos={8,20,12}}}
Starting for config 0011
# [/var/spool/slurmd/job7245537/slurm_script] source location string is "{t=7,pos={17,21,20}};{t=23,pos={5,11,10}};{t=19,pos={8,2,16}};{t=3,pos={14,2,23}};{t=16,pos={11,9,22}};{t=19,pos={0,4,9}};{t=25,pos={14,21,11}};{t=5,pos={3,11,10}};" 
source location is {{t=7,pos={17,21,20}}} with iterator number 1
{{t=7,pos={17,21,20}}}
source location is {{t=23,pos={5,11,10}}} with iterator number 2
{{t=23,pos={5,11,10}}}
source location is {{t=19,pos={8,2,16}}} with iterator number 3
{{t=19,pos={8,2,16}}}
source location is {{t=3,pos={14,2,23}}} with iterator number 4
{{t=3,pos={14,2,23}}}
source location is {{t=16,pos={11,9,22}}} with iterator number 5
{{t=16,pos={11,9,22}}}
source location is {{t=19,pos={0,4,9}}} with iterator number 6
{{t=19,pos={0,4,9}}}
source location is {{t=25,pos={14,21,11}}} with iterator number 7
{{t=25,pos={14,21,11}}}
source location is {{t=5,pos={3,11,10}}} with iterator number 8
{{t=5,pos={3,11,10}}}
Starting for config 0012
# [/var/spool/slurmd/job7245537/slurm_script] source location string is "{t=18,pos={2,7,14}};{t=12,pos={10,13,1}};{t=45,pos={4,9,17}};{t=16,pos={1,18,3}};{t=23,pos={17,1,14}};{t=17,pos={22,0,19}};{t=11,pos={6,16,19}};{t=7,pos={16,2,21}};" 
source location is {{t=18,pos={2,7,14}}} with iterator number 1
{{t=18,pos={2,7,14}}}
source location is {{t=12,pos={10,13,1}}} with iterator number 2
{{t=12,pos={10,13,1}}}
source location is {{t=45,pos={4,9,17}}} with iterator number 3
{{t=45,pos={4,9,17}}}
source location is {{t=16,pos={1,18,3}}} with iterator number 4
{{t=16,pos={1,18,3}}}
source location is {{t=23,pos={17,1,14}}} with iterator number 5
{{t=23,pos={17,1,14}}}
source location is {{t=17,pos={22,0,19}}} with iterator number 6
{{t=17,pos={22,0,19}}}
source location is {{t=11,pos={6,16,19}}} with iterator number 7
{{t=11,pos={6,16,19}}}
source location is {{t=7,pos={16,2,21}}} with iterator number 8
{{t=7,pos={16,2,21}}}
Starting for config 0030
# [/var/spool/slurmd/job7245537/slurm_script] source location string is "{t=26,pos={20,10,20}};{t=30,pos={20,10,11}};{t=20,pos={18,0,0}};{t=16,pos={5,20,13}};{t=22,pos={10,22,12}};{t=9,pos={13,16,13}};{t=33,pos={17,14,21}};{t=11,pos={11,11,3}};" 
source location is {{t=26,pos={20,10,20}}} with iterator number 1
{{t=26,pos={20,10,20}}}
source location is {{t=30,pos={20,10,11}}} with iterator number 2
{{t=30,pos={20,10,11}}}
source location is {{t=20,pos={18,0,0}}} with iterator number 3
{{t=20,pos={18,0,0}}}
source location is {{t=16,pos={5,20,13}}} with iterator number 4
{{t=16,pos={5,20,13}}}
source location is {{t=22,pos={10,22,12}}} with iterator number 5
{{t=22,pos={10,22,12}}}
source location is {{t=9,pos={13,16,13}}} with iterator number 6
{{t=9,pos={13,16,13}}}
source location is {{t=33,pos={17,14,21}}} with iterator number 7
{{t=33,pos={17,14,21}}}
source location is {{t=11,pos={11,11,3}}} with iterator number 8
{{t=11,pos={11,11,3}}}
Forward and Sequential Inversions over, starting stochastic inversions
# [/var/spool/slurmd/job7245537/slurm_script] srun finished successfully for inversions.qlua, status was 0
