# [/var/spool/slurmd/job7151341/slurm_script] source location string is "source_locations = { {t=3, pos={3, 0, 21}}, {t=5, pos={14, 16, 5}}, {t=15, pos={7, 3, 12}}, {t=6, pos={23, 19, 8}}, {t=17, pos={2, 7, 10}}, {t=7, pos={8, 11, 6}}, {t=19, pos={8, 16, 1}}, {t=8, pos={4, 0, 15}}, }" 
# [invert_contract_v3] Dimensions                = 24 24 24 48
# [invert_contract_v3] prefix to conf name       = /global/cscratch1/sd/smeinel/BMW/beta3.31_2hex_24c48_ml-0.09530_mh-0.04/lat_130110_
# [invert_contract_v3] suffix to conf name       = .nersc
# [invert_contract_v3] suffix to conf name       = _Stout_smeared.nersc
# [invert_contract_v3] Clover Inverter
#	 light quark mass               = -0.0953
#	 light quark kappa              = 0.128051
#	 strange quark mass               = -0.04
#	 strange quark kappa              = 0.126263
#	 Boundary condition = 1, 1, 1, 1
# [invert_contract] lattice volume = 663552
# [invert_contract] reading original gauge configuration from file /global/cscratch1/sd/smeinel/BMW/beta3.31_2hex_24c48_ml-0.09530_mh-0.04/lat_130110_230031.nersc
# HEADER of "/global/cscratch1/sd/smeinel/BMW/beta3.31_2hex_24c48_ml-0.09530_mh-0.04/lat_130110_230031.nersc" BEGIN
	CREATOR = 
	DIMENSION_3 = 24
	BOUNDARY_3 = PERIODIC
	SEQUENCE_NUMBER = -1
	BOUNDARY_2 = PERIODIC
	DIMENSION_4 = 48
	CREATOR_HARDWARE = 
	CREATION_DATE = 
	unitarity = 8.881784197e-16
	CHECKSUM = -1572734563
	DIMENSION_1 = 24
	ARCHIVE_DATE = 
	DIMENSION_2 = 24
	CREATOR_MACHINE = 
	BOUNDARY_4 = PERIODIC
	PLAQUETTE = 0.44991657137871
	ENSEMBLE_ID = 
	ENSEMBLE_LABEL = 
	LINK_TRACE = 1.5276313206414e-05
	DATATYPE = 4D_SU3_GAUGE
	BOUNDARY_1 = PERIODIC
	FLOATING_POINT = IEEE64BIG
# END of "/global/cscratch1/sd/smeinel/BMW/beta3.31_2hex_24c48_ml-0.09530_mh-0.04/lat_130110_230031.nersc" HEADER
TIME("u load","done") = 4.814 secs
WARNING: 'plaquette' has been renamed 'gauge_plaquette'
WARNING: 'plaquette' has been renamed 'gauge_plaquette'
WARNING: 'plaquette' has been renamed 'gauge_plaquette'
WARNING: 'plaquette' has been renamed 'gauge_plaquette'
WARNING: 'plaquette' has been renamed 'gauge_plaquette'
WARNING: 'plaquette' has been renamed 'gauge_plaquette'
# [invert_contract] Plaquette (original) = 0.4499165749
# [invert_contract] Stout-smearing gauge field
WARNING: 'plaquette' has been renamed 'gauge_plaquette'
WARNING: 'plaquette' has been renamed 'gauge_plaquette'
WARNING: 'plaquette' has been renamed 'gauge_plaquette'
WARNING: 'plaquette' has been renamed 'gauge_plaquette'
WARNING: 'plaquette' has been renamed 'gauge_plaquette'
WARNING: 'plaquette' has been renamed 'gauge_plaquette'
# [invert_contract] Plaquette (smeared) = 0.7194463669
TIME("stout smear","done") = 0.086 secs
TIME("APE smearing","done") = 1.040 secs
WARNING: 'plaquette' has been renamed 'gauge_plaquette'
WARNING: 'plaquette' has been renamed 'gauge_plaquette'
WARNING: 'plaquette' has been renamed 'gauge_plaquette'
WARNING: 'plaquette' has been renamed 'gauge_plaquette'
WARNING: 'plaquette' has been renamed 'gauge_plaquette'
WARNING: 'plaquette' has been renamed 'gauge_plaquette'
# [invert_contract] Plaquette after (light quark) APE smearing = 0.8191004158
TIME("heavy stout smear","done") = 0.240 secs
WARNING: 'plaquette' has been renamed 'gauge_plaquette'
WARNING: 'plaquette' has been renamed 'gauge_plaquette'
WARNING: 'plaquette' has been renamed 'gauge_plaquette'
WARNING: 'plaquette' has been renamed 'gauge_plaquette'
WARNING: 'plaquette' has been renamed 'gauge_plaquette'
WARNING: 'plaquette' has been renamed 'gauge_plaquette'
# [invert_contract] Plaquette after (heavy quark) stout smearing = 0.7112156040
init_level 0
init_level 1
creating MG level 0
creating lattice: 8 8 8 24
ndim = 4
numsites = 16
len = 8 8 8 24
nsquares = 4 4 4 12

creating block
local = 1
creating args
creating null vecs
0x4ff890 0x4ff890
0   4   6      0.252883    0.343998    0.546577  
1   2   4      0.216637    0.283152  
2   2   4      0.206419    0.243137  
3   2   4      0.199879    0.227726  
4   2   4      0.195854    0.218486  
5   2   4      0.189316    0.210998  
6   2   4      0.185518    0.211406  
7   2   4      0.189668    0.216159  
8   2   4      0.193125    0.220452  
9   2   4      0.192453    0.224234  
10  2   6      0.186168    0.202072  
11  2   4      0.183074    0.211033  
12  2   6      0.185633    0.204532  
13  2   4      0.191098    0.216489  
14  2   6      0.190555    0.204965  
15  2   4      0.190029    0.210772  
16  2   4      0.183529    0.221526  
17  2   6      0.18392     0.205975  
18  2   4      0.190867    0.218763  
19  2   6      0.190957    0.205855  
20  2   4      0.189355    0.212616  
21  2   6      0.182737    0.202133  
22  2   4      0.188566    0.215753  
23  2   4      0.191619    0.229527  
setup its = 110
0    1           0.0639499   0.252883  
1    1           0.0469315   0.216637  
2    1           0.0426088   0.206419  
3    1           0.0399517   0.199879  
4    1           0.0383587   0.195854  
5    1           0.0358405   0.189316  
6    1           0.0344168   0.185518  
7    1           0.0359738   0.189668  
8    1           0.0372974   0.193125  
9    1           0.0370382   0.192453  
10   1           0.0346584   0.186168  
11   1           0.033516    0.183074  
12   1           0.0344596   0.185633  
13   1           0.0365184   0.191098  
14   1           0.036311    0.190555  
15   1           0.036111    0.190029  
16   1           0.0336829   0.183529  
17   1           0.0338265   0.18392   
18   1           0.0364302   0.190867  
19   1           0.0364648   0.190957  
20   1           0.0358554   0.189355  
21   1           0.0333927   0.182737  
22   1           0.0355573   0.188566  
23   1           0.0367177   0.191619  
0    1           0.0639499   0.252883  
1    1           0.0396048   0.199009  
2    1           0.0379779   0.194879  
3    1           0.0361274   0.190072  
4    1           0.0347856   0.186509  
5    1           0.0345693   0.185928  
6    1           0.0422382   0.205519  
7    1           0.0809725   0.284557  
8    1           0.114531    0.338425  
9    1           0.0546668   0.233809  
10   1           0.0344261   0.185543  
11   1           0.0380615   0.195094  
12   1           0.0780743   0.279418  
13   1           0.0914878   0.302469  
14   1           0.0353018   0.187888  
15   1           0.0368935   0.192077  
16   1           0.0399638   0.199909  
17   1           0.0867524   0.294538  
18   1           0.13411     0.36621   
19   1           0.0440899   0.209976  
20   1           0.0428812   0.207078  
21   1           0.0585821   0.242037  
22   1           0.132373    0.363831  
23   1           0.0821424   0.286605  
0    24576       1725.67     0.264986  
1    24576       1777.69     0.26895   
2    24576       2446.79     0.315532  
3    24576       3107.03     0.355564  
4    24576       3747.62     0.390501  
5    24576       4407.62     0.423493  
6    24576       5131.85     0.456963  
7    24576       6221.22     0.503132  
8    24576       6608.48     0.518555  
9    24576       6549.98     0.516255  
10   24576       6854.64     0.528125  
11   24576       7472.35     0.551408  
12   24576       8105.24     0.574285  
13   24576       8334.66     0.582356  
14   24576       8378.21     0.583875  
15   24576       8829.82     0.599405  
16   24576       9466.02     0.620623  
17   24576       10445       0.651926  
18   24576       10896.1     0.665855  
19   24576       10093.7     0.640869  
20   24576       10615.9     0.657238  
21   24576       11624       0.687737  
22   24576       12235.2     0.705586  
23   24576       11709.7     0.690268  
get_nullvecs: 0.609119 secs
vcomp 0  ( 588835 588835 )  3.16163e-08 / 2.35534e+06 = 1.34232e-14
vcomp 1  ( 589264 589264 )  3.16347e-08 / 2.35706e+06 = 1.34213e-14
vcomp 0  ( 588835 588835 )  4.0591e-08 / 2.35534e+06 = 1.72336e-14
vcomp 1  ( 589264 589264 )  4.05934e-08 / 2.35706e+06 = 1.72221e-14

creating true coarse operator
 shift  0 :  1  0  0  0
 shift  1 :  0  1  0  0
 shift  2 :  0  0  1  0
 shift  3 :  0  0  0  1
 shift  4 : -1  0  0  0
 shift  5 :  0 -1  0  0
 shift  6 :  0  0 -1  0
 shift  7 :  0  0  0 -1
 shift  8 :  0  0  0  0
16: 0 5 10 15
vcomp 0  ( 0.274982 0.274982 )  0 / 1.09993 = 0
vcomp 1  ( 0.0322547 0.0322547 )  0 / 0.129019 = 0
vcomp 0  ( 1 1 )  5.52434e-15 / 4 = 1.38109e-15
vcomp 1  ( 0 3.20538e-15 )  3.20538e-15 / 3.20538e-15 = 1
vcomp 0  ( 1.1195 1.1195 )  5.37156e-15 / 4.47799 = 1.19955e-15
vcomp 1  ( 0.069833 0.069833 )  1.05468e-14 / 0.279332 = 3.77572e-14
vcomp 0  ( 0.229676 0.229676 )  1.07626e-15 / 0.918703 = 1.1715e-15
vcomp 1  ( 0.0214018 0.0214018 )  2.10785e-16 / 0.0856071 = 2.46224e-15
QOP_F_mgCloneOp: 2.4418 secs
creating MG level 1
creating lattice: 4 4 4 12
ndim = 4
numsites = 1
len = 4 4 4 12
nsquares = 4 4 4 12

creating block
local = 1
creating args
creating null vecs
0x525af0 0x4ff890
0   2   2      0.725395    0.907586  
1   2   2      0.488783    0.625564  
2   2   2      0.456449    0.580081  
3   2   2      0.443083    0.523751  
4   2   2      0.436467    0.498475  
5   2   2      0.430854    0.482916  
6   2   2      0.427639    0.474908  
7   2   2      0.425489    0.468089  
8   2   2      0.421273    0.461602  
9   2   2      0.418637    0.456596  
10  2   2      0.419768    0.45471   
11  2   2      0.418294    0.44959   
12  2   2      0.416782    0.444161  
13  2   2      0.413154    0.436962  
14  2   2      0.408248    0.429105  
15  2   2      0.398819    0.423514  
16  2   2      0.398166    0.431536  
17  2   2      0.409154    0.443483  
18  2   2      0.414664    0.448499  
19  2   2      0.418494    0.450665  
20  2   2      0.419454    0.449503  
21  2   2      0.418028    0.447342  
22  2   2      0.419828    0.445802  
23  2   2      0.417555    0.440601  
24  2   2      0.417624    0.43655   
25  2   2      0.409641    0.429678  
26  2   2      0.399325    0.428605  
27  2   2      0.41055     0.445571  
28  2   2      0.420177    0.454599  
29  2   2      0.421528    0.456362  
setup its = 60
0    1           0.526198    0.725395  
1    1           0.238909    0.488783  
2    1           0.208346    0.456449  
3    1           0.196323    0.443083  
4    1           0.190504    0.436467  
5    1           0.185635    0.430854  
6    1           0.182875    0.427639  
7    1           0.181041    0.425489  
8    1           0.177471    0.421273  
9    1           0.175257    0.418637  
10   1           0.176205    0.419768  
11   1           0.17497     0.418294  
12   1           0.173707    0.416782  
13   1           0.170696    0.413154  
14   1           0.166666    0.408248  
15   1           0.159057    0.398819  
16   1           0.158536    0.398166  
17   1           0.167407    0.409154  
18   1           0.171946    0.414664  
19   1           0.175137    0.418494  
20   1           0.175941    0.419454  
21   1           0.174748    0.418028  
22   1           0.176256    0.419828  
23   1           0.174352    0.417555  
24   1           0.17441     0.417624  
25   1           0.167806    0.409641  
26   1           0.159461    0.399325  
27   1           0.168551    0.41055   
28   1           0.176548    0.420177  
29   1           0.177686    0.421528  
0    1           0.526198    0.725395  
1    1           0.256417    0.506376  
2    1           0.214097    0.462706  
3    1           0.191625    0.43775   
4    1           0.182471    0.427167  
5    1           0.17568     0.419142  
6    1           0.172081    0.414827  
7    1           0.169967    0.412271  
8    1           0.166522    0.408072  
9    1           0.164166    0.405174  
10   1           0.164568    0.405669  
11   1           0.163631    0.404514  
12   1           0.163244    0.404035  
13   1           0.160743    0.400928  
14   1           0.158916    0.398643  
15   1           0.156569    0.395687  
16   1           0.157157    0.39643   
17   1           0.171533    0.414165  
18   1           0.2573      0.507248  
19   1           0.537236    0.732964  
20   1           0.640817    0.80051   
21   1           0.199358    0.446495  
22   1           0.192265    0.43848   
23   1           0.165236    0.406492  
24   1           0.169284    0.411441  
25   1           0.165803    0.407189  
26   1           0.162928    0.403644  
27   1           0.166861    0.408486  
28   1           0.191837    0.437992  
29   1           0.352388    0.593623  
0    1536        812.027     0.727092  
1    1536        415.381     0.520029  
2    1536        376.451     0.495061  
3    1536        369.966     0.490778  
4    1536        385.793     0.501166  
5    1536        405.149     0.513584  
6    1536        429.335     0.528692  
7    1536        448.671     0.540466  
8    1536        471.557     0.554079  
9    1536        491.674     0.565774  
10   1536        512.159     0.57744   
11   1536        526.839     0.585657  
12   1536        549.229     0.597972  
13   1536        571.806     0.610139  
14   1536        589.385     0.619447  
15   1536        606.68      0.62847   
16   1536        632.513     0.641711  
17   1536        675.979     0.663393  
18   1536        980.578     0.798998  
19   1536        1171        0.873139  
20   1536        969.724     0.794563  
21   1536        700.152     0.675151  
22   1536        725.654     0.687336  
23   1536        733.318     0.690956  
24   1536        748.626     0.698131  
25   1536        756.646     0.70186   
26   1536        780.231     0.712715  
27   1536        796.942     0.720307  
28   1536        954.673     0.788373  
29   1536        1278.01     0.912163  
get_nullvecs: 0.332696 secs
vcomp 0  ( 46421 46421 )  5.10123e-09 / 185684 = 2.74727e-14
vcomp 1  ( 46294.2 46294.2 )  4.98745e-09 / 185177 = 2.69335e-14
vcomp 0  ( 46421 46420.9 )  5.94147e-09 / 185684 = 3.19978e-14
vcomp 1  ( 46294.2 46294.2 )  5.83569e-09 / 185177 = 3.15141e-14

creating true coarse operator
 shift  0 :  1  0  0  0
 shift  1 :  0  1  0  0
 shift  2 :  0  0  1  0
 shift  3 :  0  0  0  1
 shift  4 : -1  0  0  0
 shift  5 :  0 -1  0  0
 shift  6 :  0  0 -1  0
 shift  7 :  0  0  0 -1
 shift  8 :  0  0  0  0
16: 0 5 10 15
vcomp 0  ( 0.760391 0.760391 )  0 / 3.04156 = 0
vcomp 1  ( 0.0126711 0.0126711 )  0 / 0.0506843 = 0
vcomp 0  ( 1 1 )  2.29966e-15 / 4 = 5.74916e-16
vcomp 1  ( 0 1.32652e-15 )  1.32652e-15 / 1.32652e-15 = 1
vcomp 0  ( 1.02023 1.02023 )  1.67552e-14 / 4.0809 = 4.10575e-15
vcomp 1  ( 0.00928374 0.00928374 )  1.66538e-15 / 0.037135 = 4.48468e-14
vcomp 0  ( 0.737723 0.737723 )  5.28549e-17 / 2.95089 = 1.79115e-17
vcomp 1  ( 0.0090713 0.0090713 )  4.52883e-17 / 0.0362852 = 1.24812e-15
QOP_F_mgCloneOp: 0.574533 secs
TIME("set up mg solver","done") = 4.020 secs
# [invert_contract_v3] base source location[1] = (3, 0, 21) t=3
# [invert_contract_v3] setting forward propagator no. 1
# [invert_contract_baryon] MB - MB contraction for source location[1 / 1] = (3, 0, 21) t=3
# [invert_contract_v3] setting / smearing point source  1 / 1 - (c= 0, s= 0)
# [invert_contract_v3] setting / smearing point source  1 / 1 - (c= 0, s= 1)
# [invert_contract_v3] setting / smearing point source  1 / 1 - (c= 0, s= 2)
# [invert_contract_v3] setting / smearing point source  1 / 1 - (c= 0, s= 3)
# [invert_contract_v3] setting / smearing point source  1 / 1 - (c= 1, s= 0)
# [invert_contract_v3] setting / smearing point source  1 / 1 - (c= 1, s= 1)
# [invert_contract_v3] setting / smearing point source  1 / 1 - (c= 1, s= 2)
# [invert_contract_v3] setting / smearing point source  1 / 1 - (c= 1, s= 3)
# [invert_contract_v3] setting / smearing point source  1 / 1 - (c= 2, s= 0)
# [invert_contract_v3] setting / smearing point source  1 / 1 - (c= 2, s= 1)
# [invert_contract_v3] setting / smearing point source  1 / 1 - (c= 2, s= 2)
# [invert_contract_v3] setting / smearing point source  1 / 1 - (c= 2, s= 3)
L[3] = 48
iters =    7  secs = 0.121121  rsq = 1.82716e-16
level 0 count 7 tpre 0.00 tcoarse 0.05 tpost 0.04 trest 0.00 tprol 0.00
level 1 count 7 tpre 0.00 tcoarse 0.01 tpost 0.02 trest 0.00 tprol 0.00
iters =    7  secs = 0.113753  rsq = 1.89674e-16
level 0 count 7 tpre 0.00 tcoarse 0.05 tpost 0.04 trest 0.00 tprol 0.00
level 1 count 7 tpre 0.00 tcoarse 0.01 tpost 0.03 trest 0.00 tprol 0.00
iters =    7  secs = 0.106546  rsq = 1.74821e-16
level 0 count 7 tpre 0.00 tcoarse 0.05 tpost 0.04 trest 0.00 tprol 0.00
level 1 count 7 tpre 0.00 tcoarse 0.00 tpost 0.02 trest 0.00 tprol 0.00
iters =    7  secs = 0.101699  rsq = 1.90523e-16
level 0 count 7 tpre 0.00 tcoarse 0.04 tpost 0.04 trest 0.00 tprol 0.00
level 1 count 7 tpre 0.00 tcoarse 0.00 tpost 0.02 trest 0.00 tprol 0.00
iters =    7  secs = 0.111802  rsq = 2.07688e-16
level 0 count 7 tpre 0.00 tcoarse 0.05 tpost 0.04 trest 0.00 tprol 0.00
level 1 count 7 tpre 0.00 tcoarse 0.01 tpost 0.03 trest 0.00 tprol 0.00
iters =    7  secs = 0.100100  rsq = 1.92774e-16
level 0 count 7 tpre 0.00 tcoarse 0.04 tpost 0.04 trest 0.00 tprol 0.00
level 1 count 7 tpre 0.00 tcoarse 0.00 tpost 0.02 trest 0.00 tprol 0.00
iters =    7  secs = 0.109439  rsq = 1.72224e-16
level 0 count 7 tpre 0.00 tcoarse 0.05 tpost 0.04 trest 0.00 tprol 0.00
level 1 count 7 tpre 0.00 tcoarse 0.00 tpost 0.02 trest 0.00 tprol 0.00
iters =    7  secs = 0.115463  rsq = 1.87619e-16
level 0 count 7 tpre 0.00 tcoarse 0.05 tpost 0.05 trest 0.00 tprol 0.00
level 1 count 7 tpre 0.00 tcoarse 0.00 tpost 0.02 trest 0.00 tprol 0.00
iters =    7  secs = 0.113359  rsq = 2.09371e-16
level 0 count 7 tpre 0.00 tcoarse 0.05 tpost 0.04 trest 0.00 tprol 0.00
level 1 count 7 tpre 0.00 tcoarse 0.01 tpost 0.02 trest 0.00 tprol 0.00
iters =    7  secs = 0.109916  rsq = 1.72052e-16
level 0 count 7 tpre 0.00 tcoarse 0.05 tpost 0.04 trest 0.00 tprol 0.00
level 1 count 7 tpre 0.00 tcoarse 0.00 tpost 0.02 trest 0.00 tprol 0.00
iters =    7  secs = 0.111979  rsq = 1.8295e-16
level 0 count 7 tpre 0.00 tcoarse 0.05 tpost 0.04 trest 0.00 tprol 0.00
level 1 count 7 tpre 0.00 tcoarse 0.00 tpost 0.02 trest 0.00 tprol 0.00
iters =    7  secs = 0.105529  rsq = 2.03992e-16
level 0 count 7 tpre 0.00 tcoarse 0.05 tpost 0.04 trest 0.00 tprol 0.00
level 1 count 7 tpre 0.00 tcoarse 0.00 tpost 0.02 trest 0.00 tprol 0.00
TIME("light forward inversion","done") = 1.430 secs
# [write_propagator] filename is forward_light.230031.x03y00z21t03.lime
TIME("writing propagator","done") = 101.123 secs
TIME("wuppertal smearing","done") = 3.420 secs
# [invert_contract_baryon] B - B contraction for source location[1 / 1] = (3, 0, 21) t=3
# [invert_contract_baryon] B - B 2pt output file contract_baryon_2pt.230031.x03y00z21t03
TIME("contract B-B","done") = 34.487 secs
#[invert_contract]  sequential source momentum(1) = (0, 0, -1)
# [invert_contract] adding source timeslice 3 to sequential source list from propagator number 1
# [invert_contract_v2] smearing source + setting gamma x moentum + smearing source 1 / 1 - (c= 0, s= 0)
# [invert_contract_v2] smearing source + setting gamma x moentum + smearing source 1 / 1 - (c= 0, s= 1)
# [invert_contract_v2] smearing source + setting gamma x moentum + smearing source 1 / 1 - (c= 0, s= 2)
# [invert_contract_v2] smearing source + setting gamma x moentum + smearing source 1 / 1 - (c= 0, s= 3)
# [invert_contract_v2] smearing source + setting gamma x moentum + smearing source 1 / 1 - (c= 1, s= 0)
# [invert_contract_v2] smearing source + setting gamma x moentum + smearing source 1 / 1 - (c= 1, s= 1)
# [invert_contract_v2] smearing source + setting gamma x moentum + smearing source 1 / 1 - (c= 1, s= 2)
# [invert_contract_v2] smearing source + setting gamma x moentum + smearing source 1 / 1 - (c= 1, s= 3)
# [invert_contract_v2] smearing source + setting gamma x moentum + smearing source 1 / 1 - (c= 2, s= 0)
# [invert_contract_v2] smearing source + setting gamma x moentum + smearing source 1 / 1 - (c= 2, s= 1)
# [invert_contract_v2] smearing source + setting gamma x moentum + smearing source 1 / 1 - (c= 2, s= 2)
# [invert_contract_v2] smearing source + setting gamma x moentum + smearing source 1 / 1 - (c= 2, s= 3)
TIME("seq_source_mom","done") = 1.687 secs
L[3] = 48
iters =    7  secs = 0.113090  rsq = 1.81064e-16
level 0 count 7 tpre 0.00 tcoarse 0.05 tpost 0.04 trest 0.00 tprol 0.00
level 1 count 7 tpre 0.00 tcoarse 0.00 tpost 0.02 trest 0.00 tprol 0.00
iters =    7  secs = 0.110582  rsq = 1.72364e-16
level 0 count 7 tpre 0.00 tcoarse 0.05 tpost 0.04 trest 0.00 tprol 0.00
level 1 count 7 tpre 0.00 tcoarse 0.00 tpost 0.02 trest 0.00 tprol 0.00
iters =    7  secs = 0.110730  rsq = 1.88987e-16
level 0 count 7 tpre 0.00 tcoarse 0.05 tpost 0.04 trest 0.00 tprol 0.00
level 1 count 7 tpre 0.00 tcoarse 0.01 tpost 0.02 trest 0.00 tprol 0.00
iters =    7  secs = 0.110391  rsq = 1.81328e-16
level 0 count 7 tpre 0.00 tcoarse 0.05 tpost 0.04 trest 0.00 tprol 0.00
level 1 count 7 tpre 0.00 tcoarse 0.00 tpost 0.02 trest 0.00 tprol 0.00
iters =    7  secs = 0.108631  rsq = 1.94749e-16
level 0 count 7 tpre 0.00 tcoarse 0.05 tpost 0.04 trest 0.00 tprol 0.00
level 1 count 7 tpre 0.00 tcoarse 0.00 tpost 0.02 trest 0.00 tprol 0.00
iters =    7  secs = 0.122891  rsq = 1.92702e-16
level 0 count 7 tpre 0.00 tcoarse 0.05 tpost 0.05 trest 0.00 tprol 0.00
level 1 count 7 tpre 0.00 tcoarse 0.01 tpost 0.03 trest 0.00 tprol 0.00
iters =    7  secs = 0.114378  rsq = 1.74635e-16
level 0 count 7 tpre 0.00 tcoarse 0.06 tpost 0.04 trest 0.00 tprol 0.00
level 1 count 7 tpre 0.00 tcoarse 0.00 tpost 0.03 trest 0.00 tprol 0.00
iters =    7  secs = 0.109949  rsq = 1.79327e-16
level 0 count 7 tpre 0.00 tcoarse 0.05 tpost 0.04 trest 0.00 tprol 0.00
level 1 count 7 tpre 0.00 tcoarse 0.00 tpost 0.02 trest 0.00 tprol 0.00
iters =    7  secs = 0.109034  rsq = 1.91244e-16
level 0 count 7 tpre 0.00 tcoarse 0.05 tpost 0.04 trest 0.00 tprol 0.00
level 1 count 7 tpre 0.00 tcoarse 0.00 tpost 0.02 trest 0.00 tprol 0.00
iters =    7  secs = 0.112232  rsq = 1.74983e-16
level 0 count 7 tpre 0.00 tcoarse 0.05 tpost 0.05 trest 0.00 tprol 0.00
level 1 count 7 tpre 0.00 tcoarse 0.00 tpost 0.02 trest 0.00 tprol 0.00
iters =    7  secs = 0.110048  rsq = 1.77205e-16
level 0 count 7 tpre 0.00 tcoarse 0.05 tpost 0.04 trest 0.00 tprol 0.00
level 1 count 7 tpre 0.00 tcoarse 0.00 tpost 0.02 trest 0.00 tprol 0.00
iters =    7  secs = 0.105428  rsq = 1.79874e-16
level 0 count 7 tpre 0.00 tcoarse 0.05 tpost 0.04 trest 0.00 tprol 0.00
level 1 count 7 tpre 0.00 tcoarse 0.00 tpost 0.02 trest 0.00 tprol 0.00
TIME("light sequential inversion","done") = 1.420 secs
# [write_propagator] filename is sequential_light_light.230031.x03y00z21t03.px00py00pz-01.lime
TIME("writing propagator","done") = 98.123 secs
# [invert_contract] smearing sequential propagator 1 / 1 - (c= 0, s= 0)
# [invert_contract] smearing sequential propagator 1 / 1 - (c= 0, s= 1)
# [invert_contract] smearing sequential propagator 1 / 1 - (c= 0, s= 2)
# [invert_contract] smearing sequential propagator 1 / 1 - (c= 0, s= 3)
# [invert_contract] smearing sequential propagator 1 / 1 - (c= 1, s= 0)
# [invert_contract] smearing sequential propagator 1 / 1 - (c= 1, s= 1)
# [invert_contract] smearing sequential propagator 1 / 1 - (c= 1, s= 2)
# [invert_contract] smearing sequential propagator 1 / 1 - (c= 1, s= 3)
# [invert_contract] smearing sequential propagator 1 / 1 - (c= 2, s= 0)
# [invert_contract] smearing sequential propagator 1 / 1 - (c= 2, s= 1)
# [invert_contract] smearing sequential propagator 1 / 1 - (c= 2, s= 2)
# [invert_contract] smearing sequential propagator 1 / 1 - (c= 2, s= 3)
#[invert_contract]  sequential source momentum(2) = (0, 1, 0)
# [invert_contract] adding source timeslice 3 to sequential source list from propagator number 1
# [invert_contract_v2] smearing source + setting gamma x moentum + smearing source 1 / 2 - (c= 0, s= 0)
# [invert_contract_v2] smearing source + setting gamma x moentum + smearing source 1 / 2 - (c= 0, s= 1)
# [invert_contract_v2] smearing source + setting gamma x moentum + smearing source 1 / 2 - (c= 0, s= 2)
# [invert_contract_v2] smearing source + setting gamma x moentum + smearing source 1 / 2 - (c= 0, s= 3)
# [invert_contract_v2] smearing source + setting gamma x moentum + smearing source 1 / 2 - (c= 1, s= 0)
# [invert_contract_v2] smearing source + setting gamma x moentum + smearing source 1 / 2 - (c= 1, s= 1)
# [invert_contract_v2] smearing source + setting gamma x moentum + smearing source 1 / 2 - (c= 1, s= 2)
# [invert_contract_v2] smearing source + setting gamma x moentum + smearing source 1 / 2 - (c= 1, s= 3)
# [invert_contract_v2] smearing source + setting gamma x moentum + smearing source 1 / 2 - (c= 2, s= 0)
# [invert_contract_v2] smearing source + setting gamma x moentum + smearing source 1 / 2 - (c= 2, s= 1)
# [invert_contract_v2] smearing source + setting gamma x moentum + smearing source 1 / 2 - (c= 2, s= 2)
# [invert_contract_v2] smearing source + setting gamma x moentum + smearing source 1 / 2 - (c= 2, s= 3)
TIME("seq_source_mom","done") = 1.684 secs
L[3] = 48
iters =    7  secs = 0.124930  rsq = 1.79528e-16
level 0 count 7 tpre 0.00 tcoarse 0.05 tpost 0.05 trest 0.00 tprol 0.00
level 1 count 7 tpre 0.00 tcoarse 0.01 tpost 0.03 trest 0.00 tprol 0.00
iters =    7  secs = 0.129040  rsq = 1.78881e-16
level 0 count 7 tpre 0.00 tcoarse 0.06 tpost 0.05 trest 0.00 tprol 0.00
level 1 count 7 tpre 0.00 tcoarse 0.01 tpost 0.03 trest 0.00 tprol 0.00
iters =    7  secs = 0.135420  rsq = 1.78669e-16
level 0 count 7 tpre 0.00 tcoarse 0.05 tpost 0.07 trest 0.00 tprol 0.00
level 1 count 7 tpre 0.00 tcoarse 0.01 tpost 0.02 trest 0.00 tprol 0.00
iters =    7  secs = 0.107691  rsq = 1.77917e-16
level 0 count 7 tpre 0.00 tcoarse 0.05 tpost 0.04 trest 0.00 tprol 0.00
level 1 count 7 tpre 0.00 tcoarse 0.00 tpost 0.02 trest 0.00 tprol 0.00
iters =    7  secs = 0.110312  rsq = 1.87788e-16
level 0 count 7 tpre 0.00 tcoarse 0.05 tpost 0.04 trest 0.00 tprol 0.00
level 1 count 7 tpre 0.00 tcoarse 0.01 tpost 0.02 trest 0.00 tprol 0.00
iters =    7  secs = 0.107053  rsq = 1.88315e-16
level 0 count 7 tpre 0.00 tcoarse 0.05 tpost 0.04 trest 0.00 tprol 0.00
level 1 count 7 tpre 0.00 tcoarse 0.00 tpost 0.02 trest 0.00 tprol 0.00
iters =    7  secs = 0.107857  rsq = 1.73789e-16
level 0 count 7 tpre 0.00 tcoarse 0.05 tpost 0.04 trest 0.00 tprol 0.00
level 1 count 7 tpre 0.00 tcoarse 0.00 tpost 0.02 trest 0.00 tprol 0.00
iters =    7  secs = 0.106793  rsq = 1.73303e-16
level 0 count 7 tpre 0.00 tcoarse 0.05 tpost 0.04 trest 0.00 tprol 0.00
level 1 count 7 tpre 0.00 tcoarse 0.00 tpost 0.02 trest 0.00 tprol 0.00
iters =    7  secs = 0.113259  rsq = 1.96012e-16
level 0 count 7 tpre 0.00 tcoarse 0.05 tpost 0.04 trest 0.00 tprol 0.00
level 1 count 7 tpre 0.00 tcoarse 0.01 tpost 0.03 trest 0.00 tprol 0.00
iters =    7  secs = 0.106501  rsq = 1.79143e-16
level 0 count 7 tpre 0.00 tcoarse 0.05 tpost 0.04 trest 0.00 tprol 0.00
level 1 count 7 tpre 0.00 tcoarse 0.01 tpost 0.02 trest 0.00 tprol 0.00
iters =    7  secs = 0.106536  rsq = 1.82453e-16
level 0 count 7 tpre 0.00 tcoarse 0.05 tpost 0.04 trest 0.00 tprol 0.00
level 1 count 7 tpre 0.00 tcoarse 0.00 tpost 0.02 trest 0.00 tprol 0.00
iters =    7  secs = 0.105349  rsq = 1.84139e-16
level 0 count 7 tpre 0.00 tcoarse 0.05 tpost 0.04 trest 0.00 tprol 0.00
level 1 count 7 tpre 0.00 tcoarse 0.00 tpost 0.02 trest 0.00 tprol 0.00
TIME("light sequential inversion","done") = 1.443 secs
# [write_propagator] filename is sequential_light_light.230031.x03y00z21t03.px00py01pz00.lime
TIME("writing propagator","done") = 91.711 secs
# [invert_contract] smearing sequential propagator 1 / 2 - (c= 0, s= 0)
# [invert_contract] smearing sequential propagator 1 / 2 - (c= 0, s= 1)
# [invert_contract] smearing sequential propagator 1 / 2 - (c= 0, s= 2)
# [invert_contract] smearing sequential propagator 1 / 2 - (c= 0, s= 3)
# [invert_contract] smearing sequential propagator 1 / 2 - (c= 1, s= 0)
# [invert_contract] smearing sequential propagator 1 / 2 - (c= 1, s= 1)
# [invert_contract] smearing sequential propagator 1 / 2 - (c= 1, s= 2)
# [invert_contract] smearing sequential propagator 1 / 2 - (c= 1, s= 3)
# [invert_contract] smearing sequential propagator 1 / 2 - (c= 2, s= 0)
# [invert_contract] smearing sequential propagator 1 / 2 - (c= 2, s= 1)
# [invert_contract] smearing sequential propagator 1 / 2 - (c= 2, s= 2)
# [invert_contract] smearing sequential propagator 1 / 2 - (c= 2, s= 3)
#[invert_contract]  sequential source momentum(3) = (0, -1, 0)
# [invert_contract] adding source timeslice 3 to sequential source list from propagator number 1
# [invert_contract_v2] smearing source + setting gamma x moentum + smearing source 1 / 3 - (c= 0, s= 0)
# [invert_contract_v2] smearing source + setting gamma x moentum + smearing source 1 / 3 - (c= 0, s= 1)
# [invert_contract_v2] smearing source + setting gamma x moentum + smearing source 1 / 3 - (c= 0, s= 2)
# [invert_contract_v2] smearing source + setting gamma x moentum + smearing source 1 / 3 - (c= 0, s= 3)
# [invert_contract_v2] smearing source + setting gamma x moentum + smearing source 1 / 3 - (c= 1, s= 0)
# [invert_contract_v2] smearing source + setting gamma x moentum + smearing source 1 / 3 - (c= 1, s= 1)
# [invert_contract_v2] smearing source + setting gamma x moentum + smearing source 1 / 3 - (c= 1, s= 2)
# [invert_contract_v2] smearing source + setting gamma x moentum + smearing source 1 / 3 - (c= 1, s= 3)
# [invert_contract_v2] smearing source + setting gamma x moentum + smearing source 1 / 3 - (c= 2, s= 0)
# [invert_contract_v2] smearing source + setting gamma x moentum + smearing source 1 / 3 - (c= 2, s= 1)
# [invert_contract_v2] smearing source + setting gamma x moentum + smearing source 1 / 3 - (c= 2, s= 2)
# [invert_contract_v2] smearing source + setting gamma x moentum + smearing source 1 / 3 - (c= 2, s= 3)
TIME("seq_source_mom","done") = 1.705 secs
L[3] = 48
iters =    7  secs = 0.103914  rsq = 1.82322e-16
level 0 count 7 tpre 0.00 tcoarse 0.05 tpost 0.04 trest 0.00 tprol 0.00
level 1 count 7 tpre 0.00 tcoarse 0.00 tpost 0.02 trest 0.00 tprol 0.00
iters =    7  secs = 0.109716  rsq = 1.8236e-16
level 0 count 7 tpre 0.00 tcoarse 0.05 tpost 0.04 trest 0.00 tprol 0.00
level 1 count 7 tpre 0.00 tcoarse 0.01 tpost 0.02 trest 0.00 tprol 0.00
iters =    7  secs = 0.105997  rsq = 1.84026e-16
level 0 count 7 tpre 0.00 tcoarse 0.05 tpost 0.04 trest 0.00 tprol 0.00
level 1 count 7 tpre 0.00 tcoarse 0.00 tpost 0.02 trest 0.00 tprol 0.00
iters =    7  secs = 0.110767  rsq = 1.81903e-16
level 0 count 7 tpre 0.00 tcoarse 0.05 tpost 0.04 trest 0.00 tprol 0.00
level 1 count 7 tpre 0.00 tcoarse 0.00 tpost 0.02 trest 0.00 tprol 0.00
iters =    7  secs = 0.110868  rsq = 1.95629e-16
level 0 count 7 tpre 0.00 tcoarse 0.05 tpost 0.04 trest 0.00 tprol 0.00
level 1 count 7 tpre 0.00 tcoarse 0.00 tpost 0.02 trest 0.00 tprol 0.00
iters =    7  secs = 0.106533  rsq = 1.86537e-16
level 0 count 7 tpre 0.00 tcoarse 0.05 tpost 0.04 trest 0.00 tprol 0.00
level 1 count 7 tpre 0.00 tcoarse 0.00 tpost 0.02 trest 0.00 tprol 0.00
iters =    7  secs = 0.107167  rsq = 1.79158e-16
level 0 count 7 tpre 0.00 tcoarse 0.05 tpost 0.04 trest 0.00 tprol 0.00
level 1 count 7 tpre 0.00 tcoarse 0.00 tpost 0.02 trest 0.00 tprol 0.00
iters =    7  secs = 0.110605  rsq = 1.78063e-16
level 0 count 7 tpre 0.00 tcoarse 0.05 tpost 0.04 trest 0.00 tprol 0.00
level 1 count 7 tpre 0.00 tcoarse 0.00 tpost 0.02 trest 0.00 tprol 0.00
iters =    7  secs = 0.114836  rsq = 1.87076e-16
level 0 count 7 tpre 0.00 tcoarse 0.05 tpost 0.04 trest 0.00 tprol 0.00
level 1 count 7 tpre 0.00 tcoarse 0.01 tpost 0.03 trest 0.00 tprol 0.00
iters =    7  secs = 0.116788  rsq = 1.7459e-16
level 0 count 7 tpre 0.00 tcoarse 0.05 tpost 0.05 trest 0.00 tprol 0.00
level 1 count 7 tpre 0.00 tcoarse 0.00 tpost 0.03 trest 0.00 tprol 0.00
iters =    7  secs = 0.106833  rsq = 1.87398e-16
level 0 count 7 tpre 0.00 tcoarse 0.05 tpost 0.04 trest 0.00 tprol 0.00
level 1 count 7 tpre 0.00 tcoarse 0.01 tpost 0.02 trest 0.00 tprol 0.00
iters =    7  secs = 0.103031  rsq = 1.94538e-16
level 0 count 7 tpre 0.00 tcoarse 0.04 tpost 0.04 trest 0.00 tprol 0.00
level 1 count 7 tpre 0.00 tcoarse 0.00 tpost 0.02 trest 0.00 tprol 0.00
TIME("light sequential inversion","done") = 1.390 secs
# [write_propagator] filename is sequential_light_light.230031.x03y00z21t03.px00py-01pz00.lime
TIME("writing propagator","done") = 95.649 secs
# [invert_contract] smearing sequential propagator 1 / 3 - (c= 0, s= 0)
# [invert_contract] smearing sequential propagator 1 / 3 - (c= 0, s= 1)
# [invert_contract] smearing sequential propagator 1 / 3 - (c= 0, s= 2)
# [invert_contract] smearing sequential propagator 1 / 3 - (c= 0, s= 3)
# [invert_contract] smearing sequential propagator 1 / 3 - (c= 1, s= 0)
# [invert_contract] smearing sequential propagator 1 / 3 - (c= 1, s= 1)
# [invert_contract] smearing sequential propagator 1 / 3 - (c= 1, s= 2)
# [invert_contract] smearing sequential propagator 1 / 3 - (c= 1, s= 3)
# [invert_contract] smearing sequential propagator 1 / 3 - (c= 2, s= 0)
# [invert_contract] smearing sequential propagator 1 / 3 - (c= 2, s= 1)
# [invert_contract] smearing sequential propagator 1 / 3 - (c= 2, s= 2)
# [invert_contract] smearing sequential propagator 1 / 3 - (c= 2, s= 3)
#[invert_contract]  sequential source momentum(4) = (1, 0, 0)
# [invert_contract] adding source timeslice 3 to sequential source list from propagator number 1
# [invert_contract_v2] smearing source + setting gamma x moentum + smearing source 1 / 4 - (c= 0, s= 0)
# [invert_contract_v2] smearing source + setting gamma x moentum + smearing source 1 / 4 - (c= 0, s= 1)
# [invert_contract_v2] smearing source + setting gamma x moentum + smearing source 1 / 4 - (c= 0, s= 2)
# [invert_contract_v2] smearing source + setting gamma x moentum + smearing source 1 / 4 - (c= 0, s= 3)
# [invert_contract_v2] smearing source + setting gamma x moentum + smearing source 1 / 4 - (c= 1, s= 0)
# [invert_contract_v2] smearing source + setting gamma x moentum + smearing source 1 / 4 - (c= 1, s= 1)
# [invert_contract_v2] smearing source + setting gamma x moentum + smearing source 1 / 4 - (c= 1, s= 2)
# [invert_contract_v2] smearing source + setting gamma x moentum + smearing source 1 / 4 - (c= 1, s= 3)
# [invert_contract_v2] smearing source + setting gamma x moentum + smearing source 1 / 4 - (c= 2, s= 0)
# [invert_contract_v2] smearing source + setting gamma x moentum + smearing source 1 / 4 - (c= 2, s= 1)
# [invert_contract_v2] smearing source + setting gamma x moentum + smearing source 1 / 4 - (c= 2, s= 2)
# [invert_contract_v2] smearing source + setting gamma x moentum + smearing source 1 / 4 - (c= 2, s= 3)
TIME("seq_source_mom","done") = 1.735 secs
L[3] = 48
iters =    7  secs = 0.113391  rsq = 1.81428e-16
level 0 count 7 tpre 0.00 tcoarse 0.05 tpost 0.04 trest 0.00 tprol 0.00
level 1 count 7 tpre 0.00 tcoarse 0.01 tpost 0.02 trest 0.00 tprol 0.00
iters =    7  secs = 0.108161  rsq = 1.8772e-16
level 0 count 7 tpre 0.00 tcoarse 0.05 tpost 0.04 trest 0.00 tprol 0.00
level 1 count 7 tpre 0.00 tcoarse 0.00 tpost 0.02 trest 0.00 tprol 0.00
iters =    7  secs = 0.109575  rsq = 1.80934e-16
level 0 count 7 tpre 0.00 tcoarse 0.05 tpost 0.04 trest 0.00 tprol 0.00
level 1 count 7 tpre 0.00 tcoarse 0.00 tpost 0.02 trest 0.00 tprol 0.00
iters =    7  secs = 0.143432  rsq = 1.78734e-16
level 0 count 7 tpre 0.00 tcoarse 0.06 tpost 0.06 trest 0.00 tprol 0.00
level 1 count 7 tpre 0.00 tcoarse 0.01 tpost 0.03 trest 0.00 tprol 0.00
iters =    7  secs = 0.115044  rsq = 1.9338e-16
level 0 count 7 tpre 0.00 tcoarse 0.05 tpost 0.04 trest 0.00 tprol 0.00
level 1 count 7 tpre 0.00 tcoarse 0.00 tpost 0.02 trest 0.00 tprol 0.00
iters =    7  secs = 0.119759  rsq = 1.83454e-16
level 0 count 7 tpre 0.00 tcoarse 0.05 tpost 0.05 trest 0.00 tprol 0.00
level 1 count 7 tpre 0.00 tcoarse 0.01 tpost 0.03 trest 0.00 tprol 0.00
iters =    7  secs = 0.121110  rsq = 1.7487e-16
level 0 count 7 tpre 0.00 tcoarse 0.05 tpost 0.05 trest 0.00 tprol 0.00
level 1 count 7 tpre 0.00 tcoarse 0.01 tpost 0.02 trest 0.00 tprol 0.00
iters =    7  secs = 0.140311  rsq = 1.69674e-16
level 0 count 7 tpre 0.00 tcoarse 0.07 tpost 0.05 trest 0.00 tprol 0.00
level 1 count 7 tpre 0.00 tcoarse 0.01 tpost 0.03 trest 0.00 tprol 0.00
iters =    7  secs = 0.117378  rsq = 1.87645e-16
level 0 count 7 tpre 0.00 tcoarse 0.05 tpost 0.05 trest 0.00 tprol 0.00
level 1 count 7 tpre 0.00 tcoarse 0.01 tpost 0.03 trest 0.00 tprol 0.00
iters =    7  secs = 0.109132  rsq = 1.78446e-16
level 0 count 7 tpre 0.00 tcoarse 0.05 tpost 0.04 trest 0.00 tprol 0.00
level 1 count 7 tpre 0.00 tcoarse 0.00 tpost 0.02 trest 0.00 tprol 0.00
iters =    7  secs = 0.128558  rsq = 1.77235e-16
level 0 count 7 tpre 0.00 tcoarse 0.06 tpost 0.05 trest 0.00 tprol 0.00
level 1 count 7 tpre 0.00 tcoarse 0.01 tpost 0.03 trest 0.00 tprol 0.00
iters =    7  secs = 0.115417  rsq = 1.84523e-16
level 0 count 7 tpre 0.00 tcoarse 0.05 tpost 0.04 trest 0.00 tprol 0.00
level 1 count 7 tpre 0.00 tcoarse 0.01 tpost 0.02 trest 0.00 tprol 0.00
TIME("light sequential inversion","done") = 1.526 secs
# [write_propagator] filename is sequential_light_light.230031.x03y00z21t03.px01py00pz00.lime
TIME("writing propagator","done") = 111.561 secs
# [invert_contract] smearing sequential propagator 1 / 4 - (c= 0, s= 0)
# [invert_contract] smearing sequential propagator 1 / 4 - (c= 0, s= 1)
# [invert_contract] smearing sequential propagator 1 / 4 - (c= 0, s= 2)
# [invert_contract] smearing sequential propagator 1 / 4 - (c= 0, s= 3)
# [invert_contract] smearing sequential propagator 1 / 4 - (c= 1, s= 0)
# [invert_contract] smearing sequential propagator 1 / 4 - (c= 1, s= 1)
# [invert_contract] smearing sequential propagator 1 / 4 - (c= 1, s= 2)
# [invert_contract] smearing sequential propagator 1 / 4 - (c= 1, s= 3)
# [invert_contract] smearing sequential propagator 1 / 4 - (c= 2, s= 0)
# [invert_contract] smearing sequential propagator 1 / 4 - (c= 2, s= 1)
# [invert_contract] smearing sequential propagator 1 / 4 - (c= 2, s= 2)
# [invert_contract] smearing sequential propagator 1 / 4 - (c= 2, s= 3)
#[invert_contract]  sequential source momentum(5) = (-1, 0, 0)
# [invert_contract] adding source timeslice 3 to sequential source list from propagator number 1
# [invert_contract_v2] smearing source + setting gamma x moentum + smearing source 1 / 5 - (c= 0, s= 0)
# [invert_contract_v2] smearing source + setting gamma x moentum + smearing source 1 / 5 - (c= 0, s= 1)
# [invert_contract_v2] smearing source + setting gamma x moentum + smearing source 1 / 5 - (c= 0, s= 2)
# [invert_contract_v2] smearing source + setting gamma x moentum + smearing source 1 / 5 - (c= 0, s= 3)
# [invert_contract_v2] smearing source + setting gamma x moentum + smearing source 1 / 5 - (c= 1, s= 0)
# [invert_contract_v2] smearing source + setting gamma x moentum + smearing source 1 / 5 - (c= 1, s= 1)
# [invert_contract_v2] smearing source + setting gamma x moentum + smearing source 1 / 5 - (c= 1, s= 2)
# [invert_contract_v2] smearing source + setting gamma x moentum + smearing source 1 / 5 - (c= 1, s= 3)
# [invert_contract_v2] smearing source + setting gamma x moentum + smearing source 1 / 5 - (c= 2, s= 0)
# [invert_contract_v2] smearing source + setting gamma x moentum + smearing source 1 / 5 - (c= 2, s= 1)
# [invert_contract_v2] smearing source + setting gamma x moentum + smearing source 1 / 5 - (c= 2, s= 2)
# [invert_contract_v2] smearing source + setting gamma x moentum + smearing source 1 / 5 - (c= 2, s= 3)
TIME("seq_source_mom","done") = 1.712 secs
L[3] = 48
iters =    7  secs = 0.106956  rsq = 1.80539e-16
level 0 count 7 tpre 0.00 tcoarse 0.05 tpost 0.04 trest 0.00 tprol 0.00
level 1 count 7 tpre 0.00 tcoarse 0.00 tpost 0.02 trest 0.00 tprol 0.00
iters =    7  secs = 0.106334  rsq = 1.74131e-16
level 0 count 7 tpre 0.00 tcoarse 0.05 tpost 0.04 trest 0.00 tprol 0.00
level 1 count 7 tpre 0.00 tcoarse 0.00 tpost 0.02 trest 0.00 tprol 0.00
iters =    7  secs = 0.110108  rsq = 1.82586e-16
level 0 count 7 tpre 0.00 tcoarse 0.05 tpost 0.04 trest 0.00 tprol 0.00
level 1 count 7 tpre 0.00 tcoarse 0.00 tpost 0.02 trest 0.00 tprol 0.00
iters =    7  secs = 0.112669  rsq = 1.72605e-16
level 0 count 7 tpre 0.00 tcoarse 0.05 tpost 0.04 trest 0.00 tprol 0.00
level 1 count 7 tpre 0.00 tcoarse 0.01 tpost 0.03 trest 0.00 tprol 0.00
iters =    7  secs = 0.109688  rsq = 1.96936e-16
level 0 count 7 tpre 0.00 tcoarse 0.05 tpost 0.04 trest 0.00 tprol 0.00
level 1 count 7 tpre 0.00 tcoarse 0.01 tpost 0.02 trest 0.00 tprol 0.00
iters =    7  secs = 0.110252  rsq = 1.86137e-16
level 0 count 7 tpre 0.00 tcoarse 0.05 tpost 0.04 trest 0.00 tprol 0.00
level 1 count 7 tpre 0.00 tcoarse 0.00 tpost 0.02 trest 0.00 tprol 0.00
iters =    7  secs = 0.116830  rsq = 1.80785e-16
level 0 count 7 tpre 0.00 tcoarse 0.05 tpost 0.05 trest 0.00 tprol 0.00
level 1 count 7 tpre 0.00 tcoarse 0.01 tpost 0.02 trest 0.00 tprol 0.00
iters =    7  secs = 0.109019  rsq = 1.78447e-16
level 0 count 7 tpre 0.00 tcoarse 0.05 tpost 0.04 trest 0.00 tprol 0.00
level 1 count 7 tpre 0.00 tcoarse 0.01 tpost 0.02 trest 0.00 tprol 0.00
iters =    7  secs = 0.125014  rsq = 1.82808e-16
level 0 count 7 tpre 0.00 tcoarse 0.06 tpost 0.05 trest 0.00 tprol 0.00
level 1 count 7 tpre 0.00 tcoarse 0.01 tpost 0.03 trest 0.00 tprol 0.00
iters =    7  secs = 0.131052  rsq = 1.7893e-16
level 0 count 7 tpre 0.00 tcoarse 0.06 tpost 0.05 trest 0.00 tprol 0.00
level 1 count 7 tpre 0.00 tcoarse 0.01 tpost 0.03 trest 0.00 tprol 0.00
iters =    7  secs = 0.105438  rsq = 1.85914e-16
level 0 count 7 tpre 0.00 tcoarse 0.05 tpost 0.04 trest 0.00 tprol 0.00
level 1 count 7 tpre 0.00 tcoarse 0.00 tpost 0.02 trest 0.00 tprol 0.00
iters =    7  secs = 0.117666  rsq = 1.87086e-16
level 0 count 7 tpre 0.00 tcoarse 0.05 tpost 0.05 trest 0.00 tprol 0.00
level 1 count 7 tpre 0.00 tcoarse 0.01 tpost 0.02 trest 0.00 tprol 0.00
TIME("light sequential inversion","done") = 1.445 secs
# [write_propagator] filename is sequential_light_light.230031.x03y00z21t03.px-01py00pz00.lime
TIME("writing propagator","done") = 101.553 secs
# [invert_contract] smearing sequential propagator 1 / 5 - (c= 0, s= 0)
# [invert_contract] smearing sequential propagator 1 / 5 - (c= 0, s= 1)
# [invert_contract] smearing sequential propagator 1 / 5 - (c= 0, s= 2)
# [invert_contract] smearing sequential propagator 1 / 5 - (c= 0, s= 3)
# [invert_contract] smearing sequential propagator 1 / 5 - (c= 1, s= 0)
# [invert_contract] smearing sequential propagator 1 / 5 - (c= 1, s= 1)
# [invert_contract] smearing sequential propagator 1 / 5 - (c= 1, s= 2)
# [invert_contract] smearing sequential propagator 1 / 5 - (c= 1, s= 3)
# [invert_contract] smearing sequential propagator 1 / 5 - (c= 2, s= 0)
# [invert_contract] smearing sequential propagator 1 / 5 - (c= 2, s= 1)
# [invert_contract] smearing sequential propagator 1 / 5 - (c= 2, s= 2)
# [invert_contract] smearing sequential propagator 1 / 5 - (c= 2, s= 3)
#[invert_contract]  sequential source momentum(6) = (0, 1, 1)
# [invert_contract] adding source timeslice 3 to sequential source list from propagator number 1
# [invert_contract_v2] smearing source + setting gamma x moentum + smearing source 1 / 6 - (c= 0, s= 0)
# [invert_contract_v2] smearing source + setting gamma x moentum + smearing source 1 / 6 - (c= 0, s= 1)
# [invert_contract_v2] smearing source + setting gamma x moentum + smearing source 1 / 6 - (c= 0, s= 2)
# [invert_contract_v2] smearing source + setting gamma x moentum + smearing source 1 / 6 - (c= 0, s= 3)
# [invert_contract_v2] smearing source + setting gamma x moentum + smearing source 1 / 6 - (c= 1, s= 0)
# [invert_contract_v2] smearing source + setting gamma x moentum + smearing source 1 / 6 - (c= 1, s= 1)
# [invert_contract_v2] smearing source + setting gamma x moentum + smearing source 1 / 6 - (c= 1, s= 2)
# [invert_contract_v2] smearing source + setting gamma x moentum + smearing source 1 / 6 - (c= 1, s= 3)
# [invert_contract_v2] smearing source + setting gamma x moentum + smearing source 1 / 6 - (c= 2, s= 0)
# [invert_contract_v2] smearing source + setting gamma x moentum + smearing source 1 / 6 - (c= 2, s= 1)
# [invert_contract_v2] smearing source + setting gamma x moentum + smearing source 1 / 6 - (c= 2, s= 2)
# [invert_contract_v2] smearing source + setting gamma x moentum + smearing source 1 / 6 - (c= 2, s= 3)
TIME("seq_source_mom","done") = 1.736 secs
L[3] = 48
iters =    7  secs = 0.109969  rsq = 1.72771e-16
level 0 count 7 tpre 0.00 tcoarse 0.05 tpost 0.04 trest 0.00 tprol 0.00
level 1 count 7 tpre 0.00 tcoarse 0.00 tpost 0.02 trest 0.00 tprol 0.00
iters =    7  secs = 0.108904  rsq = 1.73911e-16
level 0 count 7 tpre 0.00 tcoarse 0.05 tpost 0.04 trest 0.00 tprol 0.00
level 1 count 7 tpre 0.00 tcoarse 0.00 tpost 0.02 trest 0.00 tprol 0.00
iters =    7  secs = 0.114839  rsq = 1.7574e-16
level 0 count 7 tpre 0.00 tcoarse 0.05 tpost 0.05 trest 0.00 tprol 0.00
level 1 count 7 tpre 0.00 tcoarse 0.00 tpost 0.02 trest 0.00 tprol 0.00
iters =    7  secs = 0.108197  rsq = 1.70256e-16
level 0 count 7 tpre 0.00 tcoarse 0.05 tpost 0.04 trest 0.00 tprol 0.00
level 1 count 7 tpre 0.00 tcoarse 0.00 tpost 0.02 trest 0.00 tprol 0.00
iters =    7  secs = 0.110042  rsq = 1.8233e-16
level 0 count 7 tpre 0.00 tcoarse 0.05 tpost 0.04 trest 0.00 tprol 0.00
level 1 count 7 tpre 0.00 tcoarse 0.00 tpost 0.02 trest 0.00 tprol 0.00
iters =    7  secs = 0.118938  rsq = 1.81082e-16
level 0 count 7 tpre 0.00 tcoarse 0.05 tpost 0.05 trest 0.00 tprol 0.00
level 1 count 7 tpre 0.00 tcoarse 0.00 tpost 0.03 trest 0.00 tprol 0.00
iters =    7  secs = 0.108648  rsq = 1.72715e-16
level 0 count 7 tpre 0.00 tcoarse 0.05 tpost 0.04 trest 0.00 tprol 0.00
level 1 count 7 tpre 0.00 tcoarse 0.00 tpost 0.02 trest 0.00 tprol 0.00
iters =    7  secs = 0.114901  rsq = 1.67604e-16
level 0 count 7 tpre 0.00 tcoarse 0.05 tpost 0.04 trest 0.00 tprol 0.00
level 1 count 7 tpre 0.00 tcoarse 0.00 tpost 0.02 trest 0.00 tprol 0.00
iters =    7  secs = 0.108681  rsq = 1.84474e-16
level 0 count 7 tpre 0.00 tcoarse 0.05 tpost 0.04 trest 0.00 tprol 0.00
level 1 count 7 tpre 0.00 tcoarse 0.00 tpost 0.02 trest 0.00 tprol 0.00
iters =    7  secs = 0.109902  rsq = 1.79372e-16
level 0 count 7 tpre 0.00 tcoarse 0.05 tpost 0.04 trest 0.00 tprol 0.00
level 1 count 7 tpre 0.00 tcoarse 0.01 tpost 0.02 trest 0.00 tprol 0.00
iters =    7  secs = 0.112465  rsq = 1.85426e-16
level 0 count 7 tpre 0.00 tcoarse 0.05 tpost 0.04 trest 0.00 tprol 0.00
level 1 count 7 tpre 0.00 tcoarse 0.01 tpost 0.02 trest 0.00 tprol 0.00
iters =    7  secs = 0.117059  rsq = 1.85404e-16
level 0 count 7 tpre 0.00 tcoarse 0.05 tpost 0.05 trest 0.00 tprol 0.00
level 1 count 7 tpre 0.00 tcoarse 0.00 tpost 0.02 trest 0.00 tprol 0.00
TIME("light sequential inversion","done") = 1.425 secs
# [write_propagator] filename is sequential_light_light.230031.x03y00z21t03.px00py01pz01.lime
TIME("writing propagator","done") = 95.733 secs
# [invert_contract] smearing sequential propagator 1 / 6 - (c= 0, s= 0)
# [invert_contract] smearing sequential propagator 1 / 6 - (c= 0, s= 1)
# [invert_contract] smearing sequential propagator 1 / 6 - (c= 0, s= 2)
# [invert_contract] smearing sequential propagator 1 / 6 - (c= 0, s= 3)
# [invert_contract] smearing sequential propagator 1 / 6 - (c= 1, s= 0)
# [invert_contract] smearing sequential propagator 1 / 6 - (c= 1, s= 1)
# [invert_contract] smearing sequential propagator 1 / 6 - (c= 1, s= 2)
# [invert_contract] smearing sequential propagator 1 / 6 - (c= 1, s= 3)
# [invert_contract] smearing sequential propagator 1 / 6 - (c= 2, s= 0)
# [invert_contract] smearing sequential propagator 1 / 6 - (c= 2, s= 1)
# [invert_contract] smearing sequential propagator 1 / 6 - (c= 2, s= 2)
# [invert_contract] smearing sequential propagator 1 / 6 - (c= 2, s= 3)
#[invert_contract]  sequential source momentum(7) = (0, 1, -1)
# [invert_contract] adding source timeslice 3 to sequential source list from propagator number 1
# [invert_contract_v2] smearing source + setting gamma x moentum + smearing source 1 / 7 - (c= 0, s= 0)
# [invert_contract_v2] smearing source + setting gamma x moentum + smearing source 1 / 7 - (c= 0, s= 1)
# [invert_contract_v2] smearing source + setting gamma x moentum + smearing source 1 / 7 - (c= 0, s= 2)
# [invert_contract_v2] smearing source + setting gamma x moentum + smearing source 1 / 7 - (c= 0, s= 3)
# [invert_contract_v2] smearing source + setting gamma x moentum + smearing source 1 / 7 - (c= 1, s= 0)
# [invert_contract_v2] smearing source + setting gamma x moentum + smearing source 1 / 7 - (c= 1, s= 1)
# [invert_contract_v2] smearing source + setting gamma x moentum + smearing source 1 / 7 - (c= 1, s= 2)
# [invert_contract_v2] smearing source + setting gamma x moentum + smearing source 1 / 7 - (c= 1, s= 3)
# [invert_contract_v2] smearing source + setting gamma x moentum + smearing source 1 / 7 - (c= 2, s= 0)
# [invert_contract_v2] smearing source + setting gamma x moentum + smearing source 1 / 7 - (c= 2, s= 1)
# [invert_contract_v2] smearing source + setting gamma x moentum + smearing source 1 / 7 - (c= 2, s= 2)
# [invert_contract_v2] smearing source + setting gamma x moentum + smearing source 1 / 7 - (c= 2, s= 3)
TIME("seq_source_mom","done") = 1.731 secs
L[3] = 48
iters =    7  secs = 0.105721  rsq = 1.81556e-16
level 0 count 7 tpre 0.00 tcoarse 0.05 tpost 0.04 trest 0.00 tprol 0.00
level 1 count 7 tpre 0.00 tcoarse 0.00 tpost 0.02 trest 0.00 tprol 0.00
iters =    7  secs = 0.111882  rsq = 1.75692e-16
level 0 count 7 tpre 0.00 tcoarse 0.05 tpost 0.04 trest 0.00 tprol 0.00
level 1 count 7 tpre 0.00 tcoarse 0.00 tpost 0.02 trest 0.00 tprol 0.00
iters =    7  secs = 0.106571  rsq = 1.8299e-16
level 0 count 7 tpre 0.00 tcoarse 0.05 tpost 0.04 trest 0.00 tprol 0.00
level 1 count 7 tpre 0.00 tcoarse 0.00 tpost 0.02 trest 0.00 tprol 0.00
iters =    7  secs = 0.108481  rsq = 1.79952e-16
level 0 count 7 tpre 0.00 tcoarse 0.05 tpost 0.04 trest 0.00 tprol 0.00
level 1 count 7 tpre 0.00 tcoarse 0.01 tpost 0.02 trest 0.00 tprol 0.00
iters =    7  secs = 0.112914  rsq = 1.81253e-16
level 0 count 7 tpre 0.00 tcoarse 0.05 tpost 0.04 trest 0.00 tprol 0.00
level 1 count 7 tpre 0.00 tcoarse 0.01 tpost 0.02 trest 0.00 tprol 0.00
iters =    7  secs = 0.109234  rsq = 1.89519e-16
level 0 count 7 tpre 0.00 tcoarse 0.05 tpost 0.04 trest 0.00 tprol 0.00
level 1 count 7 tpre 0.00 tcoarse 0.00 tpost 0.02 trest 0.00 tprol 0.00
iters =    7  secs = 0.114864  rsq = 1.72042e-16
level 0 count 7 tpre 0.00 tcoarse 0.05 tpost 0.04 trest 0.00 tprol 0.00
level 1 count 7 tpre 0.00 tcoarse 0.01 tpost 0.02 trest 0.00 tprol 0.00
iters =    7  secs = 0.124798  rsq = 1.75292e-16
level 0 count 7 tpre 0.00 tcoarse 0.06 tpost 0.05 trest 0.00 tprol 0.00
level 1 count 7 tpre 0.00 tcoarse 0.01 tpost 0.03 trest 0.00 tprol 0.00
iters =    7  secs = 0.139633  rsq = 1.95587e-16
level 0 count 7 tpre 0.00 tcoarse 0.06 tpost 0.06 trest 0.00 tprol 0.00
level 1 count 7 tpre 0.00 tcoarse 0.01 tpost 0.03 trest 0.00 tprol 0.00
iters =    7  secs = 0.123138  rsq = 1.75302e-16
level 0 count 7 tpre 0.00 tcoarse 0.05 tpost 0.05 trest 0.00 tprol 0.00
level 1 count 7 tpre 0.00 tcoarse 0.01 tpost 0.03 trest 0.00 tprol 0.00
iters =    7  secs = 0.105469  rsq = 1.76858e-16
level 0 count 7 tpre 0.00 tcoarse 0.05 tpost 0.04 trest 0.00 tprol 0.00
level 1 count 7 tpre 0.00 tcoarse 0.00 tpost 0.02 trest 0.00 tprol 0.00
iters =    7  secs = 0.107999  rsq = 1.74302e-16
level 0 count 7 tpre 0.00 tcoarse 0.05 tpost 0.04 trest 0.00 tprol 0.00
level 1 count 7 tpre 0.00 tcoarse 0.00 tpost 0.02 trest 0.00 tprol 0.00
TIME("light sequential inversion","done") = 1.455 secs
# [write_propagator] filename is sequential_light_light.230031.x03y00z21t03.px00py01pz-01.lime
