Starting for config 0037
# [/var/spool/slurmd/job7244200/slurm_script] source location string is "{t=19,pos={21,12,7}};{t=46,pos={13,19,6}};{t=39,pos={2,2,20}};{t=4,pos={8,9,10}};{t=28,pos={5,21,13}};{t=31,pos={6,17,12}};{t=23,pos={19,12,12}};{t=39,pos={7,6,0}};" 
source location is {{t=19,pos={21,12,7}}} with iterator number 1
{{t=19,pos={21,12,7}}}
source location is {{t=46,pos={13,19,6}}} with iterator number 2
{{t=46,pos={13,19,6}}}
source location is {{t=39,pos={2,2,20}}} with iterator number 3
{{t=39,pos={2,2,20}}}
source location is {{t=4,pos={8,9,10}}} with iterator number 4
{{t=4,pos={8,9,10}}}
source location is {{t=28,pos={5,21,13}}} with iterator number 5
{{t=28,pos={5,21,13}}}
source location is {{t=31,pos={6,17,12}}} with iterator number 6
{{t=31,pos={6,17,12}}}
source location is {{t=23,pos={19,12,12}}} with iterator number 7
{{t=23,pos={19,12,12}}}
source location is {{t=39,pos={7,6,0}}} with iterator number 8
{{t=39,pos={7,6,0}}}
Starting for config 0038
# [/var/spool/slurmd/job7244200/slurm_script] source location string is "{t=31,pos={10,19,12}};{t=21,pos={8,12,3}};{t=45,pos={6,10,6}};{t=30,pos={7,14,23}};{t=14,pos={18,12,15}};{t=0,pos={11,12,3}};{t=37,pos={9,3,4}};{t=2,pos={3,20,17}};" 
source location is {{t=31,pos={10,19,12}}} with iterator number 1
{{t=31,pos={10,19,12}}}
source location is {{t=21,pos={8,12,3}}} with iterator number 2
{{t=21,pos={8,12,3}}}
source location is {{t=45,pos={6,10,6}}} with iterator number 3
{{t=45,pos={6,10,6}}}
source location is {{t=30,pos={7,14,23}}} with iterator number 4
{{t=30,pos={7,14,23}}}
source location is {{t=14,pos={18,12,15}}} with iterator number 5
{{t=14,pos={18,12,15}}}
source location is {{t=0,pos={11,12,3}}} with iterator number 6
{{t=0,pos={11,12,3}}}
source location is {{t=37,pos={9,3,4}}} with iterator number 7
{{t=37,pos={9,3,4}}}
source location is {{t=2,pos={3,20,17}}} with iterator number 8
{{t=2,pos={3,20,17}}}
Starting for config 0039
# [/var/spool/slurmd/job7244200/slurm_script] source location string is "{t=31,pos={4,8,7}};{t=18,pos={8,8,6}};{t=18,pos={9,16,12}};{t=0,pos={3,5,9}};{t=16,pos={6,9,2}};{t=39,pos={23,4,19}};{t=43,pos={4,17,2}};{t=13,pos={11,5,10}};" 
source location is {{t=31,pos={4,8,7}}} with iterator number 1
{{t=31,pos={4,8,7}}}
source location is {{t=18,pos={8,8,6}}} with iterator number 2
{{t=18,pos={8,8,6}}}
source location is {{t=18,pos={9,16,12}}} with iterator number 3
{{t=18,pos={9,16,12}}}
source location is {{t=0,pos={3,5,9}}} with iterator number 4
{{t=0,pos={3,5,9}}}
source location is {{t=16,pos={6,9,2}}} with iterator number 5
{{t=16,pos={6,9,2}}}
source location is {{t=39,pos={23,4,19}}} with iterator number 6
{{t=39,pos={23,4,19}}}
source location is {{t=43,pos={4,17,2}}} with iterator number 7
{{t=43,pos={4,17,2}}}
source location is {{t=13,pos={11,5,10}}} with iterator number 8
{{t=13,pos={11,5,10}}}
Forward and Sequential Inversions over, starting stochastic inversions
# [/var/spool/slurmd/job7244200/slurm_script] srun finished successfully for inversions.qlua, status was 0
