Starting for config 0021
# [/var/spool/slurmd/job7239966/slurm_script] source location string is "{t=30,pos={5,20,22}};{t=41,pos={9,22,9}};{t=15,pos={12,6,13}};{t=19,pos={20,8,6}};{t=41,pos={1,13,7}};{t=35,pos={4,4,3}};{t=24,pos={23,23,20}};{t=17,pos={17,3,1}};" 
source location is {{t=30,pos={5,20,22}}} with iterator number 1
{{t=30,pos={5,20,22}}}
source location is {{t=41,pos={9,22,9}}} with iterator number 2
{{t=41,pos={9,22,9}}}
source location is {{t=15,pos={12,6,13}}} with iterator number 3
{{t=15,pos={12,6,13}}}
source location is {{t=19,pos={20,8,6}}} with iterator number 4
{{t=19,pos={20,8,6}}}
source location is {{t=41,pos={1,13,7}}} with iterator number 5
{{t=41,pos={1,13,7}}}
source location is {{t=35,pos={4,4,3}}} with iterator number 6
{{t=35,pos={4,4,3}}}
source location is {{t=24,pos={23,23,20}}} with iterator number 7
{{t=24,pos={23,23,20}}}
source location is {{t=17,pos={17,3,1}}} with iterator number 8
{{t=17,pos={17,3,1}}}
Starting for config 0022
# [/var/spool/slurmd/job7239966/slurm_script] source location string is "{t=43,pos={22,13,20}};{t=24,pos={18,2,16}};{t=13,pos={12,14,16}};{t=35,pos={17,14,17}};{t=6,pos={4,11,17}};{t=0,pos={13,1,2}};{t=26,pos={10,0,16}};{t=0,pos={15,18,23}};" 
source location is {{t=43,pos={22,13,20}}} with iterator number 1
{{t=43,pos={22,13,20}}}
source location is {{t=24,pos={18,2,16}}} with iterator number 2
{{t=24,pos={18,2,16}}}
source location is {{t=13,pos={12,14,16}}} with iterator number 3
{{t=13,pos={12,14,16}}}
source location is {{t=35,pos={17,14,17}}} with iterator number 4
{{t=35,pos={17,14,17}}}
source location is {{t=6,pos={4,11,17}}} with iterator number 5
{{t=6,pos={4,11,17}}}
source location is {{t=0,pos={13,1,2}}} with iterator number 6
{{t=0,pos={13,1,2}}}
source location is {{t=26,pos={10,0,16}}} with iterator number 7
{{t=26,pos={10,0,16}}}
source location is {{t=0,pos={15,18,23}}} with iterator number 8
{{t=0,pos={15,18,23}}}
Starting for config 0023
# [/var/spool/slurmd/job7239966/slurm_script] source location string is "{t=12,pos={18,0,18}};{t=14,pos={6,5,17}};{t=12,pos={22,14,10}};{t=40,pos={14,6,21}};{t=10,pos={2,3,19}};{t=30,pos={7,3,12}};{t=28,pos={11,8,2}};{t=4,pos={21,13,3}};" 
source location is {{t=12,pos={18,0,18}}} with iterator number 1
{{t=12,pos={18,0,18}}}
source location is {{t=14,pos={6,5,17}}} with iterator number 2
{{t=14,pos={6,5,17}}}
source location is {{t=12,pos={22,14,10}}} with iterator number 3
{{t=12,pos={22,14,10}}}
source location is {{t=40,pos={14,6,21}}} with iterator number 4
{{t=40,pos={14,6,21}}}
source location is {{t=10,pos={2,3,19}}} with iterator number 5
{{t=10,pos={2,3,19}}}
source location is {{t=30,pos={7,3,12}}} with iterator number 6
{{t=30,pos={7,3,12}}}
source location is {{t=28,pos={11,8,2}}} with iterator number 7
{{t=28,pos={11,8,2}}}
source location is {{t=4,pos={21,13,3}}} with iterator number 8
{{t=4,pos={21,13,3}}}
Starting for config 0024
# [/var/spool/slurmd/job7239966/slurm_script] source location string is "{t=1,pos={5,1,8}};{t=15,pos={17,9,16}};{t=2,pos={7,11,5}};{t=31,pos={17,13,0}};{t=31,pos={22,7,21}};{t=29,pos={13,8,8}};{t=36,pos={11,22,12}};{t=44,pos={20,12,20}};" 
source location is {{t=1,pos={5,1,8}}} with iterator number 1
{{t=1,pos={5,1,8}}}
source location is {{t=15,pos={17,9,16}}} with iterator number 2
{{t=15,pos={17,9,16}}}
source location is {{t=2,pos={7,11,5}}} with iterator number 3
{{t=2,pos={7,11,5}}}
source location is {{t=31,pos={17,13,0}}} with iterator number 4
{{t=31,pos={17,13,0}}}
source location is {{t=31,pos={22,7,21}}} with iterator number 5
{{t=31,pos={22,7,21}}}
source location is {{t=29,pos={13,8,8}}} with iterator number 6
{{t=29,pos={13,8,8}}}
source location is {{t=36,pos={11,22,12}}} with iterator number 7
{{t=36,pos={11,22,12}}}
source location is {{t=44,pos={20,12,20}}} with iterator number 8
{{t=44,pos={20,12,20}}}
Forward and Sequential Inversions over, starting stochastic inversions
# [/var/spool/slurmd/job7239966/slurm_script] srun finished successfully for inversions.qlua, status was 0
