/var/spool/slurmd/job7218118/slurm_script: line 37: /var/spool/slurmd/job7218118/slurm_script.log: Permission denied
/var/spool/slurmd/job7218118/slurm_script: line 38: /var/spool/slurmd/job7218118/slurm_script.log: Permission denied
/var/spool/slurmd/job7218118/slurm_script: line 41: /var/spool/slurmd/job7218118/slurm_script.log: Permission denied
/var/spool/slurmd/job7218118/slurm_script: line 37: /var/spool/slurmd/job7218118/slurm_script.log: Permission denied
/var/spool/slurmd/job7218118/slurm_script: line 38: /var/spool/slurmd/job7218118/slurm_script.log: Permission denied
/var/spool/slurmd/job7218118/slurm_script: line 41: /var/spool/slurmd/job7218118/slurm_script.log: Permission denied
srun: Job step aborted: Waiting up to 32 seconds for job step to finish.
srun: Job step aborted: Waiting up to 32 seconds for job step to finish.
srun: Job step aborted: Waiting up to 32 seconds for job step to finish.
srun: Job step aborted: Waiting up to 32 seconds for job step to finish.
srun: Job step aborted: Waiting up to 32 seconds for job step to finish.
srun: Job step aborted: Waiting up to 32 seconds for job step to finish.
srun: Job step aborted: Waiting up to 32 seconds for job step to finish.
srun: Job step aborted: Waiting up to 32 seconds for job step to finish.
srun: Job step aborted: Waiting up to 32 seconds for job step to finish.
srun: Job step aborted: Waiting up to 32 seconds for job step to finish.
srun: Job step aborted: Waiting up to 32 seconds for job step to finish.
srun: Job step aborted: Waiting up to 32 seconds for job step to finish.
srun: Job step aborted: Waiting up to 32 seconds for job step to finish.
srun: Job step aborted: Waiting up to 32 seconds for job step to finish.
srun: Job step aborted: Waiting up to 32 seconds for job step to finish.
srun: Job step aborted: Waiting up to 32 seconds for job step to finish.
srun: got SIGCONT
srun: got SIGCONT
srun: got SIGCONT
srun: got SIGCONT
srun: got SIGCONT
srun: got SIGCONT
srun: got SIGCONT
srun: got SIGCONT
srun: got SIGCONT
srun: got SIGCONT
srun: got SIGCONT
srun: got SIGCONT
srun: got SIGCONT
srun: got SIGCONT
srun: got SIGCONT
srun: got SIGCONT
srun: got SIGCONT
srun: got SIGCONT
srun: got SIGCONT
srun: got SIGCONT
srun: got SIGCONT
srun: got SIGCONT
srun: got SIGCONT
srun: got SIGCONT
srun: got SIGCONT
srun: got SIGCONT
srun: forcing job termination
srun: forcing job termination
srun: forcing job termination
srun: forcing job termination
srun: forcing job termination
srun: forcing job termination
srun: forcing job termination
srun: forcing job termination
srun: forcing job termination
srun: forcing job termination
srun: forcing job termination
srun: forcing job termination
slurmstepd: error: *** STEP 7218118.5 ON nid01106 CANCELLED AT 2017-09-25T01:13:27 ***
srun: forcing job termination
srun: forcing job termination
srun: forcing job termination
srun: forcing job termination
slurmstepd: error: *** STEP 7218118.13 ON nid04466 CANCELLED AT 2017-09-25T01:13:27 ***
srun: forcing job termination
srun: got SIGCONT
srun: got SIGCONT
srun: got SIGCONT
srun: got SIGCONT
srun: got SIGCONT
slurmstepd: error: *** STEP 7218118.0 ON nid00021 CANCELLED AT 2017-09-25T01:13:27 ***
slurmstepd: error: *** STEP 7218118.3 ON nid00598 CANCELLED AT 2017-09-25T01:13:27 ***
slurmstepd: error: *** STEP 7218118.4 ON nid01073 CANCELLED AT 2017-09-25T01:13:27 ***
slurmstepd: error: *** STEP 7218118.1 ON nid00175 CANCELLED AT 2017-09-25T01:13:27 ***
slurmstepd: error: *** STEP 7218118.8 ON nid04021 CANCELLED AT 2017-09-25T01:13:27 ***
slurmstepd: error: *** STEP 7218118.2 ON nid00432 CANCELLED AT 2017-09-25T01:13:27 ***
slurmstepd: error: *** STEP 7218118.10 ON nid04184 CANCELLED AT 2017-09-25T01:13:27 ***
slurmstepd: error: *** STEP 7218118.7 ON nid03989 CANCELLED AT 2017-09-25T01:13:27 ***
srun: got SIGCONT
slurmstepd: error: *** STEP 7218118.12 ON nid04329 CANCELLED AT 2017-09-25T01:13:27 ***
slurmstepd: error: *** STEP 7218118.14 ON nid04520 CANCELLED AT 2017-09-25T01:13:27 ***
slurmstepd: error: *** STEP 7218118.15 ON nid04562 CANCELLED AT 2017-09-25T01:13:27 ***
slurmstepd: error: *** STEP 7218118.11 ON nid04216 CANCELLED AT 2017-09-25T01:13:27 ***
slurmstepd: error: *** STEP 7218118.9 ON nid04152 CANCELLED AT 2017-09-25T01:13:27 ***
slurmstepd: error: *** STEP 7218118.6 ON nid02151 CANCELLED AT 2017-09-25T01:13:27 ***
srun: error: nid00458: tasks 98,103: Terminated
srun: Terminating job step 7218118.2
srun: error: nid04183: tasks 745,750: Terminated
srun: Terminating job step 7218118.9
srun: error: nid04153: task 24: Terminated
srun: error: nid01087: tasks 328,330: Terminated
srun: Terminating job step 7218118.4
srun: error: nid04165: task 328: Terminated
srun: error: nid00424: tasks 577,596: Terminated
srun: error: nid04479: tasks 218,234: Terminated
srun: Terminating job step 7218118.1
srun: Terminating job step 7218118.13
srun: error: nid04105: tasks 601,603,621,623: Terminated
srun: Terminating job step 7218118.8
srun: error: nid04325: tasks 673,675,691: Terminated
srun: Terminating job step 7218118.11
srun: error: nid04012: tasks 552-567,571-575: Terminated
srun: Terminating job step 7218118.7
srun: error: nid00032: tasks 192-199,201-212,214-215: Terminated
srun: error: nid00713: tasks 384-393,395-407: Terminated
srun: error: nid01488: tasks 320,333-335: Terminated
srun: Terminating job step 7218118.0
srun: Terminating job step 7218118.3
srun: Terminating job step 7218118.5
srun: error: nid04497: tasks 384-399,401-407: Terminated
srun: error: nid00124: tasks 336-337,353,359: Terminated
srun: error: nid04502: tasks 504-505,507,509-511,513-527: Terminated
srun: error: nid01107: tasks 24-34,36-39,42-47: Terminated
srun: error: nid03980: tasks 552,554-575: Terminated
srun: Terminating job step 7218118.6
srun: error: nid04563: task 35: Terminated
srun: Terminating job step 7218118.15
srun: error: nid00176: tasks 24-28,30-42,44-47: Terminated
srun: error: nid00376: tasks 456-470,472-475,477-479: Terminated
srun: error: nid04534: tasks 240-241,243,247-248,250-251,253-263: Terminated
srun: error: nid01439: tasks 144-149,151-153,155-167: Terminated
srun: Terminating job step 7218118.14
srun: error: nid00168: tasks 624-635,637-647: Terminated
srun: error: nid04521: tasks 24-31,33-47: Terminated
srun: error: nid00721: tasks 504-509,511-516,518-527: Terminated
srun: error: nid00479: tasks 360-367,369-373,377-383: Terminated
srun: error: nid00767: tasks 576-588,591,595-596,598-599: Terminated
srun: error: nid04537: tasks 312,314-335: Terminated
srun: error: nid01490: tasks 360-373,375-383: Terminated
srun: error: nid04406: tasks 168,170,174,176,183,187: Terminated
srun: Terminating job step 7218118.12
srun: error: nid04186: tasks 49,59: Terminated
srun: error: nid04149: tasks 699,703,705-706,713-714,716: Terminated
srun: Terminating job step 7218118.10
srun: error: nid03983: tasks 624-638,640-647: Terminated
srun: error: nid00175: tasks 0-15,17-23: Terminated
srun: error: nid01106: tasks 5,13-15,23: Terminated
srun: error: nid00163: tasks 506,509-510,512,516-517,525: Terminated
srun: error: nid04506: tasks 600-602,605,607-609,611,614-615,617-619,621-623: Terminated
srun: error: nid04413: tasks 336,344,354,357-358: Terminated
srun: error: nid04098: tasks 432-438,440-446,449,451-455: Terminated
srun: error: nid00161: tasks 457,459,461,463,471,479: Terminated
srun: error: nid00422: tasks 528-532,534-551: Terminated
srun: error: nid00125: tasks 361-364,366-371,373-381,383: Terminated
srun: error: nid00165: tasks 552-559,561-563,565-575: Terminated
srun: error: nid04605: tasks 744,746-747,751,760,764-765,767: Terminated
srun: error: nid03981: tasks 576-579,581-599: Terminated
srun: error: nid04542: tasks 408-418,420-431: Terminated
srun: error: nid04305: tasks 600-601,603-607,610-611,613-623: Terminated
srun: error: nid01083: tasks 216-219,221-228,230,232-239: Terminated
srun: error: nid00167: tasks 601,606-610,612,615,618-621,623: Terminated
srun: error: nid04184: tasks 0,2,7,9,20,23: Terminated
srun: error: nid04194: tasks 240-246,248-249,251-253,255-260,263: Terminated
srun: error: nid04485: tasks 312,315-320,322-324,327-329,331-335: Terminated
srun: error: nid04474: task 119: Terminated
srun: error: nid04572: tasks 240-241,243-244,246-251,253,255-260,262-263: Terminated
srun: error: nid01085: tasks 264-268,271-287: Terminated
srun: error: nid04219: tasks 72,74,76,80-81,83-86,89-95: Terminated
srun: error: nid04446: tasks 409-416,418-421,423,425-431: Terminated
srun: error: nid00028: tasks 96-101,103-112,114-119: Terminated
srun: error: nid01078: tasks 124,126,128,130: Terminated
srun: error: nid04551: tasks 528-537,539-543,545-551: Terminated
srun: error: nid01496: tasks 504-519,522-527: Terminated
srun: error: nid00496: tasks 624-628,630-631,633,635-638,640-646: Terminated
srun: error: nid04528: tasks 145,148,150-151,155-158,160-167: Terminated
srun: error: nid04445: tasks 384-393,395-397,399-401,404-405,407: Terminated
srun: error: nid01446: tasks 216-221,223,225-229,231-239: Terminated
srun: error: nid02185: task 104: Terminated
srun: error: nid04477: tasks 168-183,185-191: Terminated
srun: error: nid04017: tasks 672-675,677-686,688-695: Terminated
srun: error: nid00587: tasks 720-723,725,727,729-740,742-743: Terminated
srun: error: nid04154: tasks 48-53,55,57,65-66,71: Terminated
srun: error: nid03973: tasks 384-397,399-407: Terminated
srun: error: nid04508: tasks 648-649,651-653,655,658-664,666-668,670-671: Terminated
srun: error: nid04234: tasks 216-231,233-235,238-239: Terminated
srun: error: nid00177: tasks 48-69,71: Terminated
srun: error: nid04466: tasks 0-5,7-13,15-18,20-23: Terminated
srun: error: nid01073: tasks 0-11,13-14,17-23: Terminated
srun: error: nid00178: tasks 72-75,77-87,89-95: Terminated
srun: error: nid00601: tasks 72-76,79-80,82-91,93-95: Terminated
srun: error: nid04583: tasks 480-488,490-491,501,503: Terminated
srun: error: nid04247: tasks 408,410,412,416-417,419-420,422,425-431: Terminated
srun: error: nid04520: tasks 0-3,5,16-23: Terminated
srun: error: nid04568: tasks 144,146-147,149,152,155,159,161-163,166: Terminated
srun: error: nid04178: tasks 624-629,631-633,637-638,640,644-647: Terminated
srun: error: nid04195: tasks 264-265,267-273,275-281,283,285,287: Terminated
srun: error: nid04096: tasks 384-385,387-391,393,396,398-400,402-407: Terminated
srun: error: nid01089: tasks 360-367,371,373-383: Terminated
srun: error: nid00181: tasks 144-151,153-160,162-167: Terminated
srun: error: nid04013: tasks 576-581,583,588,590-593,597-598: Terminated
srun: error: nid04100: tasks 480-485,487-489,491-494,496-498,501-503: Terminated
srun: error: nid01100: tasks 624-631,633-634,636,638-647: Terminated
srun: error: nid00468: tasks 193-194,197,199-201,203,206-210,212,215: Terminated
srun: error: nid01438: tasks 121-124,126-129,131,133-135,137-143: Terminated
srun: error: nid01098: tasks 576-588,591-599: Terminated
srun: error: nid03999: tasks 240-241,243,245,249,252-253,255,260-261,263: Terminated
srun: error: nid04170: tasks 432-439,441-444,446-455: Terminated
srun: error: nid00126: tasks 384-391,393-397,399,402-407: Terminated
srun: error: nid00173: tasks 720,724-725,727,729,731,733-734,737,742-743: Terminated
srun: error: nid01079: tasks 144-148,150,153-155,158-167: Terminated
srun: error: nid01494: tasks 456-467,469-471,473-474,476-479: Terminated
srun: error: nid04328: tasks 744-762,764-767: Terminated
srun: error: nid04567: tasks 120-121,123-127,129-130,132-134,136-143: Terminated
srun: error: nid04023: tasks 48-57,59-60,62,65-68,70-71: Terminated
srun: error: nid01099: tasks 600,603-604,606-608,611-613,615-623: Terminated
srun: error: nid04245: tasks 360-364,366-381,383: Terminated
srun: error: nid03975: tasks 432-448,450-455: Terminated
srun: error: nid04015: tasks 624-626,632-633,637,642,644,647: Terminated
srun: error: nid01088: tasks 336-355,359: Terminated
srun: error: nid00206: tasks 313,315,317-319,322,328-329,331-335: Terminated
srun: error: nid04578: tasks 360-369,371-377,379-383: Terminated
srun: error: nid00495: tasks 600-616,618-623: Terminated
srun: error: nid03972: tasks 360-361,363-365,367,369-376,378,380-383: Terminated
srun: error: nid04565: tasks 72-73,75-89,91-95: Terminated
srun: error: nid00423: tasks 552-560,562-571,573-575: Terminated
srun: error: nid04301: tasks 528-537,539-541,543-545,548-551: Terminated
srun: error: nid04579: tasks 384-386,388-392,395-396,398-407: Terminated
srun: error: nid04522: tasks 48-49,51-56,58,60-71: Terminated
srun: error: nid04024: tasks 72-77,79-95: Terminated
srun: error: nid00035: tasks 264-268,271,273,275,277,279,282,285,287: Terminated
srun: error: nid04324: tasks 648-649,651,653-654,656-657,659-660,662-667,669-670: Terminated
srun: error: nid02149: tasks 721-732,734,736-743: Terminated
srun: error: nid00187: tasks 288-291,293-300,302,304-307,309-311: Terminated
srun: error: nid04451: tasks 528,531-539,541,543-546,548-551: Terminated
srun: error: nid04177: tasks 600-603,605-617,619-623: Terminated
srun: error: nid04412: tasks 312-320,322-335: Terminated
srun: error: nid04501: tasks 481-484,487-497,501-503: Terminated
srun: error: nid04588: tasks 504-514,517-522,524,526-527: Terminated
srun: error: nid00602: tasks 96-102,105,113-114,116-119: Terminated
srun: error: nid04448: tasks 456-457,459-460,462-463,465-470,472-479: Terminated
srun: error: nid00411: tasks 508,512,514,521,523: Terminated
srun: error: nid01075: tasks 48-53,55-56,58-63,65-71: Terminated
srun: error: nid00033: tasks 216-217,219,221-230,232-235,237-239: Terminated
srun: error: nid01086: tasks 288-294,296-298,300-305,307-311: Terminated
srun: error: nid00170: tasks 672-683,685-695: Terminated
srun: error: nid00184: tasks 216-220,222-223,225-226,228-230,232-233,235,237-239: Terminated
srun: error: nid02150: tasks 744-747,750-753,755,757-759,761-767: Terminated
srun: error: nid00258: tasks 336-338,342,344,346-355,357-359: Terminated
srun: error: nid01071: tasks 720,722,724-727,729-733,735-739,741-743: Terminated
srun: error: nid04504: tasks 552-563,565,567,570,572-573,575: Terminated
srun: error: nid03998: tasks 216-221,223-224,227,230-234,236-237,239: Terminated
srun: error: nid03985: tasks 672-681,683-685,687-695: Terminated
srun: error: nid04029: tasks 192-198,200,202-203,207,209-211,213-215: Terminated
srun: error: nid01080: tasks 168-171,173-176,178-187,189-190: Terminated
srun: error: nid04601: tasks 672-685,687-695: Terminated
srun: error: nid04173: tasks 505,507,509,511,513-518,520-527: Terminated
srun: error: nid04006: tasks 408-424,426-431: Terminated
srun: error: nid01447: tasks 240-243,246,248-249,251,255,258,260,262-263: Terminated
srun: error: nid00777: tasks 600,605,607,618,622: Terminated
srun: error: nid04094: tasks 336-337,339-343,345-347,349-350,353-355,357-359: Terminated
srun: error: nid04498: tasks 408-421,423-425,427-431: Terminated
srun: error: nid00469: tasks 216-225,227-239: Terminated
srun: error: nid01491: tasks 385-386,388-395,397-401,404-407: Terminated
srun: error: nid04505: tasks 577-578,580-593,595-599: Terminated
srun: error: nid04246: tasks 385-387,389-395,397,401-407: Terminated
srun: error: nid01082: tasks 192-193,195-196,198-204,206-215: Terminated
srun: error: nid00408: tasks 480-495,497-503: Terminated
srun: error: nid04248: tasks 432-433,435-446,449-455: Terminated
srun: error: nid04167: tasks 360-361,363-367,369-371,373-381,383: Terminated
srun: error: nid00598: tasks 0-7,9-11,13,15,17,19,21: Terminated
srun: error: nid00426: tasks 624-627,630-633,635,637-639,641-643,645-647: Terminated
srun: error: nid00034: tasks 240-247,249-251,253-263: Terminated
srun: error: nid04218: tasks 48-58,60-61,63-71: Terminated
srun: error: nid00485: tasks 504-508,511-512,522-524,527: Terminated
srun: error: nid04304: tasks 576-577,579-588,590-591,593,596-597,599: Terminated
srun: error: nid00487: tasks 528-541,544-549,551: Terminated
srun: error: nid04180: tasks 672-677,679-683,686-687,691-692,694-695: Terminated
srun: error: nid04574: tasks 288-310: Terminated
srun: error: nid04022: tasks 24-31,33-41,43-47: Terminated
srun: error: nid04025: tasks 96-103,105-110,112-114,116-119: Terminated
srun: error: nid00128: tasks 432-435,437-449,451-455: Terminated
srun: error: nid04462: tasks 672-673,675,678-679,681,683-684,686-687,690,692-695: Terminated
srun: error: nid00621: tasks 289-295,297-300,302-303,307,309-311: Terminated
srun: error: nid04005: tasks 385,388,391-394,396-399,401-403,405-407: Terminated
srun: error: nid04590: tasks 528-529,531-535,537-541,543,545-551: Terminated
srun: error: nid04104: tasks 576-589,592-599: Terminated
srun: error: nid04405: tasks 145-146,149-150,153,156,158-159,161-167: Terminated
srun: error: nid00428: tasks 672-673,675-678,680-681,683,685-686,688,692-694: Terminated
srun: error: nid01441: tasks 192-199,201,203-215: Terminated
srun: error: nid00435: tasks 72-83,85-86,88,91-95: Terminated
srun: error: nid04558: task 695: Terminated
srun: error: nid03977: tasks 480-485,487,489-493,495-503: Terminated
srun: error: nid00021: tasks 0-1,3,5,7-9,11,13-23: Terminated
srun: error: nid04244: tasks 339-340,345,348,350-354,356-359: Terminated
srun: error: nid01502: tasks 648-657,659-661,663,665-671: Terminated
srun: error: nid04185: tasks 25,28,43,47: Terminated
srun: error: nid00471: tasks 264-276,279-287: Terminated
srun: error: nid00123: tasks 312-333,335: Terminated
srun: error: nid01440: tasks 168-177,179-180,183-191: Terminated
srun: error: nid04205: tasks 504-509,511-513,515-518,520-522,526-527: Terminated
srun: error: nid00026: tasks 48-57,59-66,68-71: Terminated
srun: error: nid03988: tasks 744,746-747,749,751-754,757,761-767: Terminated
srun: error: nid04562: tasks 0-6,8-15,17-19,21-23: Terminated
srun: error: nid03974: tasks 408-410,412-413,420,422-431: Terminated
srun: error: nid01448: tasks 264-272,274,276-278,280-284,286-287: Terminated
srun: error: nid00613: tasks 264-265,267-268,271,275-277,279-280,282-287: Terminated
srun: error: nid04408: tasks 216-222,225-226,230,232,234-239: Terminated
srun: error: nid00480: tasks 384,386-398,400-407: Terminated
srun: error: nid00484: tasks 480-491,493-497,500-503: Terminated
srun: error: nid04581: tasks 432-435,437-438,440-443,446,448-455: Terminated
srun: error: nid04570: tasks 193-200,202,204-215: Terminated
srun: error: nid04331: tasks 48,50-52,55,58-61,64-65,67-71: Terminated
srun: error: nid04199: tasks 360-363,365,367-369,371,373,376-383: Terminated
srun: error: nid04242: tasks 313-315,318-335: Terminated
srun: error: nid04566: tasks 99-103,105-119: Terminated
srun: error: nid00174: tasks 744-746,748-751,756-760,762-763,765,767: Terminated
srun: error: nid04326: tasks 696-700,702-704,706-719: Terminated
srun: error: nid04600: tasks 648-665,667-671: Terminated
srun: error: nid04509: tasks 672-674,676,681,683-689,691-695: Terminated
srun: error: nid04540: tasks 360-363,365-383: Terminated
srun: error: nid04591: tasks 552-560,562,564,566,568-575: Terminated
srun: error: nid04549: tasks 480-487,489-503: Terminated
srun: error: nid00272: tasks 360-378,380-383: Terminated
srun: error: nid04208: tasks 576,578,580-583,585,587-589,592-595,597-599: Terminated
srun: error: nid02152: tasks 24-27,30-31,34-36,38-39,41-45,47: Terminated
srun: error: nid04464: tasks 720-733,735-737,739-743: Terminated
srun: error: nid04220: tasks 96-109,111-119: Terminated
srun: error: nid04559: tasks 696-698,701-703,706-707,709,711,717-719: Terminated
srun: error: nid04204: tasks 480-482,484,486-490,493-497,499,502-503: Terminated
srun: error: nid00030: tasks 144-151,153-157,160,162,164,166-167: Terminated
srun: error: nid04564: tasks 49-51,53,55-56,58-60,66-71: Terminated
srun: error: nid04465: tasks 744-748,750-753,755-757,759-763,765-767: Terminated
srun: error: nid04575: tasks 312-319,321-335: Terminated
srun: error: nid04473: tasks 72-79,81,83,85,88-95: Terminated
srun: error: nid04189: tasks 120-127,129-130,133-137,140-143: Terminated
srun: error: nid04582: tasks 456,458-470,472-479: Terminated
srun: error: nid04239: tasks 240-255,257-263: Terminated
srun: error: nid04155: tasks 73-76,79-80,84,86-88,90-91,93,95: Terminated
srun: error: nid00766: tasks 552,554-570,572-575: Terminated
srun: error: nid04571: tasks 216-227,229-236,238-239: Terminated
srun: error: nid04097: tasks 410-411,415-417,419,421-422,424,426-427,429,431: Terminated
srun: error: nid04476: tasks 144-145,147-153,155,157,159-160,162-167: Terminated
srun: error: nid01090: tasks 384-389,391-396,398,400-407: Terminated
srun: error: nid04598: tasks 600-602,604,606-613,615-616,618-623: Terminated
srun: error: nid04168: tasks 385-388,390,392-393,398-402,405-407: Terminated
srun: error: nid01097: tasks 552-571,573-575: Terminated
srun: error: nid04507: tasks 624-636,638-647: Terminated
srun: error: nid00029: tasks 120-125,127,129-135,137-143: Terminated
srun: error: nid04300: tasks 504-513,515-517,519,521,523-525,527: Terminated
srun: error: nid00182: tasks 168,170-181,183-191: Terminated
srun: error: nid04560: tasks 720,722-724,726-743: Terminated
srun: error: nid04008: tasks 456-463,465-469,471,474-479: Terminated
srun: error: nid01104: tasks 721-727,729,731-734,736-743: Terminated
srun: error: nid04031: tasks 240-254,256-257,259-263: Terminated
srun: error: nid00715: tasks 408-411,413,415-421,423-431: Terminated
srun: error: nid04449: tasks 480-489,491,493-494,496-500,502-503: Terminated
srun: error: nid03992: tasks 72-75,77-79,81-84,86-95: Terminated
srun: error: nid04216: tasks 0-8,10-23: Terminated
srun: error: nid04200: tasks 384-389,391-392,394-400,402-407: Terminated
srun: error: nid01499: tasks 576-577,580-582,584-599: Terminated
srun: error: nid04193: tasks 216-226,228-229,231,233-235,237-239: Terminated
srun: error: nid04175: tasks 552-561,563-568,570-572,574-575: Terminated
srun: error: nid00127: tasks 408-421,423,425,427-431: Terminated
srun: error: nid00470: tasks 240,242,244-246,252,254,256-263: Terminated
srun: error: nid00433: tasks 24-32,34-47: Terminated
srun: error: nid03969: tasks 288-297,299-305,307-311: Terminated
srun: error: nid04561: tasks 744-748,750-754,756,759-761,764-767: Terminated
srun: error: nid00494: tasks 576-578,580-582,584,587-589,591-592,596-597,599: Terminated
srun: error: nid01493: tasks 432-433,435-437,439-455: Terminated
srun: error: nid04240: tasks 265-287: Terminated
srun: error: nid00183: tasks 192-202,204,206,208-209,211-215: Terminated
srun: error: nid04014: tasks 600-601,603,605-607,610-612,614,616-623: Terminated
srun: error: nid00611: tasks 216-218,220-225,228-231,233,235,237,239: Terminated
srun: error: nid04524: tasks 96-110,112-119: Terminated
srun: error: nid04467: tasks 24-43,45-47: Terminated
srun: error: nid04603: tasks 720-738,740-743: Terminated
srun: error: nid04602: tasks 696-701,703-712,714-719: Terminated
srun: error: nid04162: tasks 240-248,250-263: Terminated
srun: error: nid04191: tasks 168-173,175-181,183-191: Terminated
srun: error: nid04470: tasks 48-59,61-63,65,67-71: Terminated
srun: error: nid04027: tasks 144-147,149-154,156,158-167: Terminated
srun: error: nid01497: tasks 528-531,533-538,540-542,545-551: Terminated
srun: error: nid03971: tasks 336-340,342-359: Terminated
srun: error: nid04215: tasks 744-758,760-767: Terminated
srun: error: nid01095: tasks 504-513,515-527: Terminated
srun: error: nid00478: tasks 336-338,340-344,347-359: Terminated
srun: error: nid00477: tasks 312-313,315-317,319-323,325,329,331,334-335: Terminated
srun: error: nid04003: tasks 336-338,341-349,351-359: Terminated
srun: error: nid00778: tasks 624-639,641-647: Terminated
srun: error: nid01084: tasks 240-241,243-263: Terminated
srun: error: nid04009: tasks 480-487,489-493,495-503: Terminated
srun: error: nid04407: tasks 193,195-199,203,205,208-211,213,215: Terminated
srun: error: nid04212: tasks 673-682,684,686-688,690-695: Terminated
srun: error: nid01501: tasks 624,626-629,631,634-635,637-647: Terminated
srun: error: nid04457: tasks 576-593,595-597,599: Terminated
srun: error: nid04171: tasks 456-469,471-472,474-476,479: Terminated
srun: error: nid04214: tasks 720-727,729-743: Terminated
srun: error: nid01109: tasks 72-76,78-85,87-95: Terminated
srun: error: nid01094: tasks 480,482-483,485-490,492-495,498-503: Terminated
srun: error: nid02186: tasks 120-126,129-131,134-135,139-143: Terminated
srun: error: nid04102: tasks 528-530,532-533,535-536,538-540,543,546-551: Terminated
srun: error: nid02151: tasks 0-8,10-23: Terminated
srun: error: nid01108: tasks 48-62,64-71: Terminated
srun: error: nid04150: tasks 720-723,725-733,735,739-743: Terminated
srun: error: nid04152: tasks 0-2,4-8,12-13,15,17,19-23: Terminated
srun: error: nid04018: tasks 696-702,704-713,716-719: Terminated
srun: error: nid04001: tasks 288-295,297-303,305-311: Terminated
srun: error: nid00720: tasks 480-482,484-492,494-496,498-503: Terminated
srun: error: nid04095: tasks 360-361,364-369,371-373,375-376,378-383: Terminated
srun: error: nid04541: tasks 384-388,390-407: Terminated
srun: error: nid04020: tasks 744-756,758-759,761-767: Terminated
srun: error: nid04516: tasks 696-702,704-719: Terminated
srun: error: nid03984: tasks 648-654,656-671: Terminated
srun: error: nid04103: tasks 552,554-571,573-575: Terminated
srun: error: nid00493: tasks 552-555,557,559,562-563,565,567-575: Terminated
srun: error: nid04503: tasks 528-536,538-539,541-543,545-551: Terminated
srun: error: nid00609: tasks 168-172,174-176,178-191: Terminated
srun: error: nid04531: tasks 168-179,181-184,186-191: Terminated
srun: error: nid01022: tasks 696-709,711-712,714,716-719: Terminated
srun: error: nid04161: tasks 216-217,219,221-222,224-232,234-239: Terminated
srun: error: nid04106: tasks 624-634,636-637,639-641,643-647: Terminated
srun: error: nid04550: tasks 504-511,514,516-521,523-527: Terminated
srun: error: nid04496: tasks 360-367,369-371,373-383: Terminated
srun: error: nid04002: tasks 312-313,315-317,319-325,327-331,333-335: Terminated
srun: error: nid04210: tasks 624-635,639-647: Terminated
srun: error: nid04147: tasks 648-649,651-655,657,659-671: Terminated
srun: error: nid00122: tasks 288-291,293-295,297-311: Terminated
srun: error: nid04450: tasks 504-511,513,515-517,519-520,522-527: Terminated
srun: error: nid04362: tasks 96,98-106,109,111,115-117,119: Terminated
srun: error: nid04188: tasks 96-100,102-108,110-119: Terminated
srun: error: nid04518: tasks 720-729,731-735,737,739-743: Terminated
srun: error: nid04207: tasks 552-565,567-575: Terminated
srun: error: nid04198: tasks 336-345,347,349-350,353-359: Terminated
srun: error: nid04478: tasks 192-199,201-203,205-210,212-215: Terminated
srun: error: nid04221: tasks 120-123,125-127,129-143: Terminated
srun: error: nid04093: tasks 312-315,319-335: Terminated
srun: error: nid04101: tasks 504-509,513,515,517,519-527: Terminated
srun: error: nid04555: tasks 600-610,612-623: Terminated
srun: error: nid00717: tasks 432-433,435-448,450-451,453-455: Terminated
srun: error: nid04169: tasks 408-415,417-423,425-427,429-431: Terminated
srun: error: nid04163: tasks 264-275,278-279,283,285-287: Terminated
srun: error: nid03993: tasks 96-99,101,103-106,108,111-112,114-119: Terminated
srun: error: nid02190: tasks 216-221,223,225-239: Terminated
srun: error: nid04158: tasks 144-156,158-161,164-167: Terminated
srun: error: nid04148: tasks 672-682,684-695: Terminated
srun: error: nid04007: tasks 432-434,436-437,439-455: Terminated
srun: error: nid00586: tasks 696-699,701-706,708,710-719: Terminated
srun: error: nid04213: tasks 696-698,700-707,709-710,713-719: Terminated
srun: error: nid04459: tasks 624-636,638-641,643,645,647: Terminated
srun: error: nid00172: tasks 696-710,712-719: Terminated
srun: error: nid00612: tasks 240-250,252-258,262-263: Terminated
srun: error: nid00461: tasks 144,146,148-161,163-167: Terminated
srun: error: nid00022: tasks 24-41,43-47: Terminated
srun: error: nid04032: tasks 264-265,267-287: Terminated
srun: error: nid00185: tasks 240,242-243,245-250,252-263: Terminated
srun: error: nid00624: tasks 360-365,367-383: Terminated
srun: error: nid03978: tasks 504-512,515-527: Terminated
srun: error: nid04172: tasks 480-482,484-490,492-493,495-503: Terminated
srun: error: nid04217: tasks 24-31,34-43,45-47: Terminated
srun: error: nid03987: tasks 720-730,733-743: Terminated
srun: error: nid04376: tasks 120-125,127-133,135-143: Terminated
srun: error: nid00623: tasks 336-351,353,355-359: Terminated
srun: error: nid04209: tasks 600-612,614,617-623: Terminated
srun: error: nid04552: tasks 552-562,564-575: Terminated
srun: error: nid04176: tasks 576-585,588-599: Terminated
srun: error: nid04447: tasks 432-444,448,450-455: Terminated
srun: error: nid04202: tasks 432-436,438-450,452-455: Terminated
srun: error: nid04223: tasks 168-175,177-191: Terminated
srun: error: nid04196: tasks 288,290-295,297-303,305-311: Terminated
srun: error: nid02189: tasks 192-202,204-215: Terminated
srun: error: nid04182: tasks 720-728,730-743: Terminated
srun: error: nid02192: tasks 264-281,283-287: Terminated
srun: error: nid00718: tasks 456-465,467,469-479: Terminated
srun: error: nid00434: tasks 48-59,61-71: Terminated
srun: error: nid00164: tasks 528-535,537-546,548-551: Terminated
srun: error: nid03994: tasks 120-121,123-133,136-143: Terminated
srun: error: nid04099: tasks 456-459,461-479: Terminated
srun: error: nid04414: tasks 361,363-383: Terminated
srun: error: nid03990: tasks 24-33,35-47: Terminated
srun: error: nid04010: tasks 504-508,510-527: Terminated
srun: error: nid04547: tasks 432-437,439-455: Terminated
srun: error: nid04019: tasks 720-731,733-735,737-740,742-743: Terminated
srun: error: nid04302: tasks 552-560,562-575: Terminated
srun: error: nid04164: tasks 288-306,308-311: Terminated
srun: error: nid01092: tasks 432-441,443-455: Terminated
srun: error: nid04573: tasks 264-284,286-287: Terminated
srun: error: nid04577: tasks 336-354,356-359: Terminated
srun: error: nid04583: tasks 489,493-500,502: Terminated
srun: error: nid04579: tasks 387,394,397: Terminated
srun: error: nid04246: tasks 388,396,398-400: Terminated
srun: error: nid04588: tasks 516,525: Terminated
srun: error: nid01093: tasks 456-457,459,461-479: Terminated
srun: error: nid01103: tasks 696-711,713,715-719: Terminated
srun: error: nid04244: tasks 336-337,341-344,346-347,349,355: Terminated
