srun: Job step aborted: Waiting up to 32 seconds for job step to finish.
srun: Job step aborted: Waiting up to 32 seconds for job step to finish.
srun: Job step aborted: Waiting up to 32 seconds for job step to finish.
srun: Job step aborted: Waiting up to 32 seconds for job step to finish.
srun: Job step aborted: Waiting up to 32 seconds for job step to finish.
srun: Job step aborted: Waiting up to 32 seconds for job step to finish.
srun: Job step aborted: Waiting up to 32 seconds for job step to finish.
srun: Job step aborted: Waiting up to 32 seconds for job step to finish.
slurmstepd: error: *** STEP 7265557.3 ON nid01609 CANCELLED AT 2017-10-06T03:03:17 DUE TO TIME LIMIT ***
slurmstepd: error: *** STEP 7265557.1 ON nid00970 CANCELLED AT 2017-10-06T03:03:17 DUE TO TIME LIMIT ***
slurmstepd: error: *** STEP 7265557.2 ON nid01566 CANCELLED AT 2017-10-06T03:03:17 DUE TO TIME LIMIT ***
slurmstepd: error: *** STEP 7265557.5 ON nid01875 CANCELLED AT 2017-10-06T03:03:17 DUE TO TIME LIMIT ***
slurmstepd: error: *** STEP 7265557.4 ON nid01697 CANCELLED AT 2017-10-06T03:03:17 DUE TO TIME LIMIT ***
slurmstepd: error: *** STEP 7265557.6 ON nid03808 CANCELLED AT 2017-10-06T03:03:17 DUE TO TIME LIMIT ***
slurmstepd: error: *** STEP 7265557.0 ON nid00090 CANCELLED AT 2017-10-06T03:03:17 DUE TO TIME LIMIT ***
slurmstepd: error: *** STEP 7265557.7 ON nid04278 CANCELLED AT 2017-10-06T03:03:17 DUE TO TIME LIMIT ***
srun: got SIGCONT
srun: got SIGCONT
srun: got SIGCONT
srun: got SIGCONT
srun: got SIGCONT
srun: got SIGCONT
srun: got SIGCONT
srun: got SIGCONT
srun: got SIGCONT
srun: got SIGCONT
srun: got SIGCONT
srun: got SIGCONT
srun: got SIGCONT
srun: got SIGCONT
srun: got SIGCONT
srun: forcing job termination
srun: forcing job termination
srun: forcing job termination
srun: forcing job termination
srun: forcing job termination
srun: forcing job termination
srun: forcing job termination
srun: forcing job termination
srun: forcing job termination
srun: forcing job termination
srun: forcing job termination
srun: error: nid01758: tasks 552-555,557-575: Terminated
srun: Terminating job step 7265557.4
srun: error: nid04278: tasks 0-15,17-23: Terminated
srun: Terminating job step 7265557.7
srun: error: nid01710: tasks 312-324,326-335: Terminated
srun: error: nid01759: tasks 576,578-599: Terminated
srun: error: nid00791: tasks 624-633,635-647: Terminated
srun: Terminating job step 7265557.0
srun: error: nid01714: tasks 408-415,417-420,422-431: Terminated
